2025-05-16 12:23:40 [main] INFO  test.WhatsAppLogin - Launching Chrome browser for the test execution...
2025-05-16 12:29:09 [main] INFO  test.WhatsAppLogin - Launching Chrome browser for the test execution...
2025-05-16 12:31:12 [main] INFO  test.WhatsAppLogin - Launching Chrome browser for the test execution...
2025-05-16 12:35:55 [main] INFO  test.WhatsAppLogin - Launching Chrome browser for the test execution...
2025-05-16 12:37:38 [main] INFO  test.WhatsAppLogin - Launching Chrome browser for the test execution...
2025-05-16 14:34:53 [main] INFO  test.WhatsAppLogin - Launching Chrome browser for the test execution...
2025-05-16 14:58:06 [main] INFO  test.WhatsAppLogin - Launching Chrome browser for the test execution...
2025-05-16 14:59:56 [main] INFO  test.WhatsAppLogin - Launching Chrome browser for the test execution...
2025-05-16 15:36:14 [main] INFO  test.WhatsAppLogin - Launching Chrome browser for the test execution...
2025-05-16 15:36:27 [main] INFO  test.WhatsAppLogin - Proceeding...
2025-05-16 15:39:56 [main] INFO  test.WhatsAppLogin - Launching Chrome browser for the test execution...
2025-05-16 15:40:08 [main] INFO  test.WhatsAppLogin - Proceeding...
2025-05-16 15:42:02 [main] INFO  test.WhatsAppLogin - Launching Chrome browser for the test execution...
2025-05-16 15:42:14 [main] INFO  test.WhatsAppLogin - Proceeding...
2025-05-16 15:45:02 [main] INFO  test.WhatsAppLogin - Launching Chrome browser for the test execution...
2025-05-16 15:45:15 [main] INFO  test.WhatsAppLogin - Proceeding...
2025-05-16 15:46:39 [main] INFO  test.WhatsAppLogin - Launching Chrome browser for the test execution...
2025-05-16 15:46:52 [main] INFO  test.WhatsAppLogin - Proceeding...
2025-05-16 15:52:34 [main] INFO  test.WhatsAppLogin - Launching Chrome browser for the test execution...
2025-05-16 15:52:47 [main] INFO  test.WhatsAppLogin - Proceeding...
2025-05-16 15:54:11 [main] INFO  test.WhatsAppLogin - Launching Chrome browser for the test execution...
2025-05-16 15:54:24 [main] INFO  test.WhatsAppLogin - Proceeding...
2025-05-16 16:08:28 [main] INFO  test.WhatsAppLogin - Launching Chrome browser for the test execution...
2025-05-16 16:08:41 [main] INFO  test.WhatsAppLogin - Proceeding...
2025-05-16 16:12:24 [main] INFO  test.WhatsAppLogin - Launching Chrome browser for the test execution...
2025-05-16 16:12:37 [main] INFO  test.WhatsAppLogin - Proceeding...
2025-05-16 16:18:20 [main] INFO  test.WhatsAppLogin - Launching Chrome browser for the test execution...
2025-05-16 16:18:32 [main] INFO  test.WhatsAppLogin - Proceeding...
2025-05-19 11:17:34 [main] INFO  test.WhatsAppLogin - Launching Chrome browser for the test execution...
2025-05-19 11:17:49 [main] INFO  test.WhatsAppLogin - Proceeding...
2025-05-19 11:17:50 [main] INFO  test.WhatsAppLogin - User clicked on Common Group
2025-05-19 12:01:17 [main] INFO  test.WhatsAppLogin - Launching Chrome browser for the test execution...
2025-05-19 12:01:29 [main] INFO  test.WhatsAppLogin - Proceeding...
2025-05-19 12:01:30 [main] INFO  test.WhatsAppLogin - User clicked on Common Group
2025-05-19 12:03:11 [main] INFO  test.WhatsAppLogin - Launching Chrome browser for the test execution...
2025-05-19 12:03:24 [main] INFO  test.WhatsAppLogin - Proceeding...
2025-05-19 12:03:25 [main] INFO  test.WhatsAppLogin - User clicked on Common Group
2025-05-19 12:05:55 [main] INFO  test.WhatsAppLogin - Launching Chrome browser for the test execution...
2025-05-19 12:06:07 [main] INFO  test.WhatsAppLogin - Proceeding...
2025-05-19 12:06:09 [main] INFO  test.WhatsAppLogin - User clicked on Common Group
2025-05-19 12:07:37 [main] INFO  test.WhatsAppLogin - Launching Chrome browser for the test execution...
2025-05-19 12:07:50 [main] INFO  test.WhatsAppLogin - Proceeding...
2025-05-19 12:07:51 [main] INFO  test.WhatsAppLogin - User clicked on Common Group
2025-05-19 12:09:13 [main] INFO  test.WhatsAppLogin - Launching Chrome browser for the test execution...
2025-05-19 12:09:20 [main] INFO  test.WhatsAppLogin - Logged in!
2025-05-19 12:09:26 [main] INFO  test.WhatsAppLogin - Proceeding...
2025-05-19 12:09:27 [main] INFO  test.WhatsAppLogin - User clicked on Common Group
2025-05-19 12:16:39 [main] INFO  test.ReceivedMessages - Launching Chrome browser for the test execution...
2025-05-19 12:16:46 [main] INFO  test.ReceivedMessages - Logged in!
2025-05-19 12:16:51 [main] INFO  test.ReceivedMessages - Proceeding...
2025-05-19 12:45:10 [main] INFO  test.ReceivedMessages - Launching Chrome browser for the test execution...
2025-05-19 12:45:18 [main] INFO  test.ReceivedMessages - Logged in!
2025-05-19 12:45:23 [main] INFO  test.ReceivedMessages - Proceeding...
2025-05-19 12:46:36 [main] INFO  test.ReceivedMessages - Launching Chrome browser for the test execution...
2025-05-19 12:46:43 [main] INFO  test.ReceivedMessages - Logged in!
2025-05-19 12:46:48 [main] INFO  test.ReceivedMessages - Proceeding...
2025-05-19 12:57:59 [main] INFO  test.ReceivedMessages - Launching Chrome browser for the test execution...
2025-05-19 12:58:06 [main] INFO  test.ReceivedMessages - Logged in!
2025-05-19 12:58:12 [main] INFO  test.ReceivedMessages - Proceeding...
2025-05-19 13:00:12 [main] INFO  test.ReceivedMessages - Launching Chrome browser for the test execution...
2025-05-19 13:00:20 [main] INFO  test.ReceivedMessages - Logged in!
2025-05-19 13:00:25 [main] INFO  test.ReceivedMessages - Proceeding...
2025-05-19 13:03:18 [main] INFO  test.ReceivedMessages - Launching Chrome browser for the test execution...
2025-05-19 13:03:24 [main] INFO  test.ReceivedMessages - Logged in!
2025-05-19 13:03:30 [main] INFO  test.ReceivedMessages - Proceeding...
2025-05-19 13:03:33 [main] INFO  test.ReceivedMessages - User clicked on Common Group
2025-05-19 13:05:53 [main] INFO  test.ReceivedMessages - Launching Chrome browser for the test execution...
2025-05-19 13:06:00 [main] INFO  test.ReceivedMessages - Logged in!
2025-05-19 13:06:05 [main] INFO  test.ReceivedMessages - Proceeding...
2025-05-19 13:06:14 [main] INFO  test.ReceivedMessages - User clicked on Common Group
2025-05-19 13:08:26 [main] INFO  test.ReceivedMessages - Launching Chrome browser for the test execution...
2025-05-19 13:08:33 [main] INFO  test.ReceivedMessages - Logged in!
2025-05-19 13:08:38 [main] INFO  test.ReceivedMessages - Proceeding...
2025-05-19 13:09:40 [main] INFO  test.ReceivedMessages - Launching Chrome browser for the test execution...
2025-05-19 13:09:47 [main] INFO  test.ReceivedMessages - Logged in!
2025-05-19 13:09:52 [main] INFO  test.ReceivedMessages - Proceeding...
2025-05-19 13:09:55 [main] INFO  test.ReceivedMessages - User clicked on Common Group
