2025-05-08 12:47:13 [main] INFO  test.IssueOfSSLConnection - Launching Chrome browser for the test execution...
2025-05-08 12:47:13 [main] INFO  test.IssueOfSSLConnection - Navigating to the target webpage: https://SuperUser:System@54.84.94.16:8443/osgi/system/console/
2025-05-08 12:47:30 [main] INFO  test.IssueOfSSLConnection - User Searched for plugin com.logilite.search.solr
2025-05-08 12:47:30 [main] INFO  test.IssueOfSSLConnection - User Refreshed the plugin com.logilite.search.solr
2025-05-08 12:47:35 [main] INFO  test.IssueOfSSLConnection - Operation completed succesfully.
2025-05-08 12:47:37 [main] INFO  test.IssueOfSSLConnection - ...Server Restarting...
2025-05-08 12:47:37 [main] INFO  test.IssueOfSSLConnection - Connecting to ubuntu111@54.84.94.16 with key idempiere-key-pair.pem...
2025-05-08 12:47:37 [main] INFO  test.IssueOfSSLConnection - Pseudo-terminal will not be allocated because stdin is not a terminal.
2025-05-08 12:47:39 [main] INFO  test.IssueOfSSLConnection - ubuntu111@54.84.94.16: Permission denied (publickey).
2025-05-08 12:47:39 [main] INFO  test.IssueOfSSLConnection - 255
2025-05-08 12:47:51 [main] INFO  test.IssueOfSSLConnection - Opened webui on new tab : https://54.84.94.16:8443/
2025-05-08 12:48:02 [main] INFO  test.IssueOfSSLConnection - User Entered valid username : SuperUser
2025-05-08 12:48:02 [main] INFO  test.IssueOfSSLConnection - User Enetered valid Password : System
2025-05-08 12:48:02 [main] INFO  test.IssueOfSSLConnection - User clicked on Login button
2025-05-08 12:48:05 [main] INFO  test.IssueOfSSLConnection - User selects the Client
2025-05-08 12:48:07 [main] INFO  test.IssueOfSSLConnection - User selects the Role : Admin
2025-05-08 12:48:14 [main] INFO  test.IssueOfSSLConnection - User login to webui successfully
2025-05-08 12:48:16 [main] INFO  test.IssueOfSSLConnection - User searched for Document Explorer window
2025-05-08 12:48:18 [main] ERROR test.IssueOfSSLConnection - User gets an error Popup
2025-05-08 12:48:18 [main] INFO  test.IssueOfSSLConnection - User Navigates back to the : https://SuperUser:System@54.84.94.16:8443/osgi/system/console/
2025-05-08 12:48:24 [main] INFO  test.IssueOfSSLConnection - User searched for plugin org.idempiere.dms
2025-05-08 12:48:24 [main] INFO  test.IssueOfSSLConnection - User Refreshes the plugin org.idempiere.dms
2025-05-08 12:48:32 [main] INFO  test.IssueOfSSLConnection - User searched for plugin com.logilite.search
2025-05-08 12:48:32 [main] INFO  test.IssueOfSSLConnection - User Refreshes the plugin com.logilite.search
2025-05-08 12:48:39 [main] INFO  test.IssueOfSSLConnection - User searched for plugin com.logilite.search.solr
2025-05-08 12:48:39 [main] INFO  test.IssueOfSSLConnection - User Refreshes the plugin com.logilite.search.solr
2025-05-08 12:48:46 [main] INFO  test.IssueOfSSLConnection - User searched for plugin com.logilite.dmstheme
2025-05-08 12:48:47 [main] INFO  test.IssueOfSSLConnection - User Refreshes the plugin com.logilite.dmstheme
2025-05-08 12:48:54 [main] INFO  test.IssueOfSSLConnection - User searched for plugin com.logilite.dms.storageprovider
2025-05-08 12:48:54 [main] INFO  test.IssueOfSSLConnection - User Refreshes the plugin com.logilite.dms.storageprovider
2025-05-08 12:48:59 [main] INFO  test.IssueOfSSLConnection - ...Server Restarting...
2025-05-08 12:48:59 [main] INFO  test.IssueOfSSLConnection - Connecting to ubuntu111@54.84.94.16 with key idempiere-key-pair.pem...
2025-05-08 12:48:59 [main] INFO  test.IssueOfSSLConnection - Pseudo-terminal will not be allocated because stdin is not a terminal.
2025-05-08 12:49:01 [main] INFO  test.IssueOfSSLConnection - ubuntu111@54.84.94.16: Permission denied (publickey).
2025-05-08 12:49:01 [main] INFO  test.IssueOfSSLConnection - 255
2025-05-08 12:49:14 [main] INFO  test.IssueOfSSLConnection - User again Opened webui on new tab : https://54.84.94.16:8443/
2025-05-08 12:49:26 [main] INFO  test.IssueOfSSLConnection - Entered valid username : SuperUser
2025-05-08 12:49:26 [main] INFO  test.IssueOfSSLConnection - Entered valid Password : System
2025-05-08 12:49:27 [main] INFO  test.IssueOfSSLConnection - User clicked on Login button
2025-05-08 12:49:30 [main] INFO  test.IssueOfSSLConnection - User selects the Client
2025-05-08 12:49:32 [main] INFO  test.IssueOfSSLConnection - User selects the Role : Admin
2025-05-08 12:49:36 [main] INFO  test.IssueOfSSLConnection - User login to webui successfully
2025-05-08 12:49:38 [main] INFO  test.IssueOfSSLConnection - User searched for Document Explorer window
2025-05-08 12:49:40 [main] ERROR test.IssueOfSSLConnection - Again User gets an error Popup
2025-05-08 12:49:40 [main] ERROR test.IssueOfSSLConnection - Error still not resolved
2025-05-08 12:51:37 [main] INFO  test.IssueOfSSLConnection - Launching Chrome browser for the test execution...
2025-05-08 12:51:37 [main] INFO  test.IssueOfSSLConnection - Navigating to the target webpage: https://SuperUser:System@54.84.94.16:8443/osgi/system/console/
2025-05-08 12:51:52 [main] INFO  test.IssueOfSSLConnection - User Searched for plugin com.logilite.search.solr
2025-05-08 12:51:52 [main] INFO  test.IssueOfSSLConnection - User Refreshed the plugin com.logilite.search.solr
2025-05-08 12:51:57 [main] INFO  test.IssueOfSSLConnection - Operation completed succesfully.
2025-05-08 12:51:59 [main] INFO  test.IssueOfSSLConnection - ...Server Restarting...
2025-05-08 12:51:59 [main] INFO  test.IssueOfSSLConnection - Connecting to ubuntu111@54.84.94.16 with key idempiere-key-pair.pem...
2025-05-08 12:51:59 [main] INFO  test.IssueOfSSLConnection - Pseudo-terminal will not be allocated because stdin is not a terminal.
2025-05-08 12:52:01 [main] INFO  test.IssueOfSSLConnection - ubuntu111@54.84.94.16: Permission denied (publickey).
2025-05-08 12:52:01 [main] INFO  test.IssueOfSSLConnection - 255
2025-05-08 12:52:13 [main] INFO  test.IssueOfSSLConnection - Opened webui on new tab : https://54.84.94.16:8443/
2025-05-08 12:52:24 [main] INFO  test.IssueOfSSLConnection - User Entered valid username : SuperUser
2025-05-08 12:52:24 [main] INFO  test.IssueOfSSLConnection - User Enetered valid Password : System
2025-05-08 12:52:24 [main] INFO  test.IssueOfSSLConnection - User clicked on Login button
2025-05-08 12:52:27 [main] INFO  test.IssueOfSSLConnection - User selects the Client
2025-05-08 12:55:19 [main] INFO  test.IssueOfSSLConnection - Launching Chrome browser for the test execution...
2025-05-08 12:55:20 [main] INFO  test.IssueOfSSLConnection - Navigating to the target webpage: https://SuperUser:System@54.84.94.16:8443/osgi/system/console/
2025-05-08 12:55:34 [main] INFO  test.IssueOfSSLConnection - User Searched for plugin com.logilite.search.solr
2025-05-08 12:55:34 [main] INFO  test.IssueOfSSLConnection - User Refreshed the plugin com.logilite.search.solr
2025-05-08 12:55:39 [main] INFO  test.IssueOfSSLConnection - Operation completed succesfully.
2025-05-08 12:55:41 [main] INFO  test.IssueOfSSLConnection - ...Server Restarting...
2025-05-08 13:01:26 [main] INFO  test.IssueOfSSLConnection - 1
2025-05-08 13:01:30 [main] INFO  test.IssueOfSSLConnection - Launching Chrome browser for the test execution...
2025-05-08 13:01:31 [main] INFO  test.IssueOfSSLConnection - Navigating to the target webpage: https://SuperUser:System@54.84.94.16:8443/osgi/system/console/
2025-05-08 13:01:45 [main] INFO  test.IssueOfSSLConnection - User Searched for plugin com.logilite.search.solr
2025-05-08 13:01:45 [main] INFO  test.IssueOfSSLConnection - User Refreshed the plugin com.logilite.search.solr
2025-05-08 13:01:50 [main] INFO  test.IssueOfSSLConnection - Operation completed succesfully.
2025-05-08 13:01:52 [main] INFO  test.IssueOfSSLConnection - ...Server Restarting...
2025-05-08 13:01:52 [main] INFO  test.IssueOfSSLConnection - sudo: ./restart_idempiere.sh: command not found
2025-05-08 13:01:52 [main] INFO  test.IssueOfSSLConnection - 1
2025-05-08 13:02:04 [main] INFO  test.IssueOfSSLConnection - Opened webui on new tab : https://54.84.94.16:8443/
2025-05-08 13:02:08 [main] ERROR test.IssueOfSSLConnection - Error communicating with the remote browser. It may have died.
Build info: version: '4.25.0', revision: '8a8aea2337'
System info: os.name: 'Linux', os.arch: 'amd64', os.version: '5.4.0-150-generic', java.version: '17.0.5'
Driver info: org.openqa.selenium.chrome.ChromeDriver
Command: [24b3b5a9a6d3aef44216b0baeb98a981, clickElement [id]]
Capabilities {acceptInsecureCerts: false, browserName: chrome, browserVersion: 135.0.7049.114, chrome: {chromedriverVersion: 135.0.7049.114 (63fd8a7d9d0..., userDataDir: /tmp/.org.chromium.Chromium...}, fedcm:accounts: true, goog:chromeOptions: {debuggerAddress: localhost:43673}, networkConnectionEnabled: false, pageLoadStrategy: normal, platformName: linux, proxy: Proxy(), se:cdp: ws://localhost:43673/devtoo..., se:cdpVersion: 135.0.7049.114, setWindowRect: true, strictFileInteractability: false, timeouts: {implicit: 0, pageLoad: 300000, script: 30000}, unhandledPromptBehavior: dismiss and notify, webauthn:extension:credBlob: true, webauthn:extension:largeBlob: true, webauthn:extension:minPinLength: true, webauthn:extension:prf: true, webauthn:virtualAuthenticators: true}
Element: [[ChromeDriver: chrome on linux (24b3b5a9a6d3aef44216b0baeb98a981)] -> xpath: //div[@id='main-login']]
Session ID: 24b3b5a9a6d3aef44216b0baeb98a981
2025-05-08 13:04:43 [main] INFO  test.IssueOfSSLConnection - Launching Chrome browser for the test execution...
2025-05-08 13:04:44 [main] INFO  test.IssueOfSSLConnection - Navigating to the target webpage: https://SuperUser:System@54.84.94.16:8443/osgi/system/console/
2025-05-08 13:04:58 [main] INFO  test.IssueOfSSLConnection - User Searched for plugin com.logilite.search.solr
2025-05-08 13:04:58 [main] INFO  test.IssueOfSSLConnection - User Refreshed the plugin com.logilite.search.solr
2025-05-08 13:05:03 [main] INFO  test.IssueOfSSLConnection - Operation completed succesfully.
2025-05-08 13:05:05 [main] INFO  test.IssueOfSSLConnection - ...Server Restarting...
2025-05-08 13:05:05 [main] INFO  test.IssueOfSSLConnection - Connecting to ubuntu111@54.84.94.16 with key idempiere-key-pair.pem...
2025-05-08 13:05:05 [main] INFO  test.IssueOfSSLConnection - Pseudo-terminal will not be allocated because stdin is not a terminal.
2025-05-08 13:05:07 [main] INFO  test.IssueOfSSLConnection - ubuntu111@54.84.94.16: Permission denied (publickey).
2025-05-08 13:05:07 [main] INFO  test.IssueOfSSLConnection - 255
2025-05-08 13:05:34 [main] INFO  test.IssueOfSSLConnection - Launching Chrome browser for the test execution...
2025-05-08 13:05:34 [main] INFO  test.IssueOfSSLConnection - Navigating to the target webpage: https://SuperUser:System@54.84.94.16:8443/osgi/system/console/
2025-05-08 13:05:49 [main] INFO  test.IssueOfSSLConnection - User Searched for plugin com.logilite.search.solr
2025-05-08 13:05:49 [main] INFO  test.IssueOfSSLConnection - User Refreshed the plugin com.logilite.search.solr
2025-05-08 13:05:54 [main] INFO  test.IssueOfSSLConnection - Operation completed succesfully.
2025-05-08 13:05:56 [main] INFO  test.IssueOfSSLConnection - ...Server Restarting...
2025-05-08 13:05:56 [main] INFO  test.IssueOfSSLConnection - Connecting to ubuntu111@54.84.94.16 with key idempiere-key-pair.pem...
2025-05-08 13:05:56 [main] INFO  test.IssueOfSSLConnection - Pseudo-terminal will not be allocated because stdin is not a terminal.
2025-05-08 13:05:58 [main] INFO  test.IssueOfSSLConnection - ubuntu111@54.84.94.16: Permission denied (publickey).
2025-05-08 13:05:58 [main] INFO  test.IssueOfSSLConnection - 255
2025-05-08 13:06:10 [main] INFO  test.IssueOfSSLConnection - Opened webui on new tab : https://54.84.94.16:8443/
2025-05-08 13:08:20 [main] INFO  test.IssueOfSSLConnection - Launching Chrome browser for the test execution...
2025-05-08 13:08:21 [main] INFO  test.IssueOfSSLConnection - Navigating to the target webpage: https://SuperUser:System@54.84.94.16:8443/osgi/system/console/
2025-05-08 13:08:36 [main] INFO  test.IssueOfSSLConnection - User Searched for plugin com.logilite.search.solr
2025-05-08 13:08:36 [main] INFO  test.IssueOfSSLConnection - User Refreshed the plugin com.logilite.search.solr
2025-05-08 13:08:41 [main] INFO  test.IssueOfSSLConnection - Operation completed succesfully.
2025-05-08 13:08:43 [main] INFO  test.IssueOfSSLConnection - ...Server Restarting...
2025-05-08 13:08:43 [main] INFO  test.IssueOfSSLConnection - Connecting to ubuntu111@54.84.94.16 with key idempiere-key-pair.pem...
2025-05-08 13:08:43 [main] INFO  test.IssueOfSSLConnection - Pseudo-terminal will not be allocated because stdin is not a terminal.
2025-05-08 13:08:45 [main] INFO  test.IssueOfSSLConnection - ubuntu111@54.84.94.16: Permission denied (publickey).
2025-05-08 13:08:45 [main] INFO  test.IssueOfSSLConnection - 255
2025-05-08 13:10:29 [main] INFO  test.IssueOfSSLConnection - Launching Chrome browser for the test execution...
2025-05-08 13:10:30 [main] INFO  test.IssueOfSSLConnection - Navigating to the target webpage: https://SuperUser:System@54.84.94.16:8443/osgi/system/console/
2025-05-08 13:10:44 [main] INFO  test.IssueOfSSLConnection - User Searched for plugin com.logilite.search.solr
2025-05-08 13:10:44 [main] INFO  test.IssueOfSSLConnection - User Refreshed the plugin com.logilite.search.solr
2025-05-08 13:10:49 [main] INFO  test.IssueOfSSLConnection - Operation completed succesfully.
2025-05-08 13:10:51 [main] INFO  test.IssueOfSSLConnection - ...Server Restarting...
2025-05-08 13:10:51 [main] INFO  test.IssueOfSSLConnection - Connecting to ubuntu111@54.84.94.16 with key idempiere-key-pair.pem...
2025-05-08 13:10:51 [main] INFO  test.IssueOfSSLConnection - Pseudo-terminal will not be allocated because stdin is not a terminal.
2025-05-08 13:10:53 [main] INFO  test.IssueOfSSLConnection - ubuntu111@54.84.94.16: Permission denied (publickey).
2025-05-08 13:10:53 [main] INFO  test.IssueOfSSLConnection - 255
2025-05-08 13:13:27 [main] INFO  test.IssueOfSSLConnection - Launching Chrome browser for the test execution...
2025-05-08 13:13:27 [main] INFO  test.IssueOfSSLConnection - Navigating to the target webpage: https://SuperUser:System@54.84.94.16:8443/osgi/system/console/
2025-05-08 13:13:42 [main] INFO  test.IssueOfSSLConnection - User Searched for plugin com.logilite.search.solr
2025-05-08 13:13:42 [main] INFO  test.IssueOfSSLConnection - User Refreshed the plugin com.logilite.search.solr
2025-05-08 13:13:47 [main] INFO  test.IssueOfSSLConnection - Operation completed succesfully.
2025-05-08 13:13:49 [main] INFO  test.IssueOfSSLConnection - ...Server Restarting...
2025-05-08 13:13:49 [main] INFO  test.IssueOfSSLConnection - Connecting to ubuntu111@54.84.94.16 with key idempiere-key-pair.pem...
2025-05-08 13:13:49 [main] INFO  test.IssueOfSSLConnection - Pseudo-terminal will not be allocated because stdin is not a terminal.
2025-05-08 13:13:51 [main] INFO  test.IssueOfSSLConnection - ubuntu111@54.84.94.16: Permission denied (publickey).
2025-05-08 13:13:51 [main] INFO  test.IssueOfSSLConnection - 255
2025-05-08 13:16:05 [main] INFO  test.IssueOfSSLConnection - Launching Chrome browser for the test execution...
2025-05-08 13:16:05 [main] INFO  test.IssueOfSSLConnection - Navigating to the target webpage: https://SuperUser:System@54.84.94.16:8443/osgi/system/console/
2025-05-08 13:16:20 [main] INFO  test.IssueOfSSLConnection - User Searched for plugin com.logilite.search.solr
2025-05-08 13:16:20 [main] INFO  test.IssueOfSSLConnection - User Refreshed the plugin com.logilite.search.solr
2025-05-08 13:16:25 [main] INFO  test.IssueOfSSLConnection - Operation completed succesfully.
2025-05-08 13:16:27 [main] INFO  test.IssueOfSSLConnection - ...Server Restarting...
2025-05-08 13:16:27 [main] INFO  test.IssueOfSSLConnection - Connecting to ubuntu@54.84.94.16 with key idempiere-key-pair.pem...
2025-05-08 13:16:27 [main] INFO  test.IssueOfSSLConnection - Pseudo-terminal will not be allocated because stdin is not a terminal.
2025-05-08 13:16:30 [main] INFO  test.IssueOfSSLConnection - Welcome to Ubuntu 24.04.2 LTS (GNU/Linux 6.8.0-1024-aws x86_64)
2025-05-08 13:16:30 [main] INFO  test.IssueOfSSLConnection - 
2025-05-08 13:16:30 [main] INFO  test.IssueOfSSLConnection -  * Documentation:  https://help.ubuntu.com
2025-05-08 13:16:30 [main] INFO  test.IssueOfSSLConnection -  * Management:     https://landscape.canonical.com
2025-05-08 13:16:30 [main] INFO  test.IssueOfSSLConnection -  * Support:        https://ubuntu.com/pro
2025-05-08 13:16:30 [main] INFO  test.IssueOfSSLConnection - 
2025-05-08 13:16:30 [main] INFO  test.IssueOfSSLConnection -  System information as of Thu May  8 07:46:28 UTC 2025
2025-05-08 13:16:30 [main] INFO  test.IssueOfSSLConnection - 
2025-05-08 13:16:30 [main] INFO  test.IssueOfSSLConnection -   System load:  0.25               Temperature:           -273.1 C
2025-05-08 13:16:30 [main] INFO  test.IssueOfSSLConnection -   Usage of /:   17.4% of 66.76GB   Processes:             174
2025-05-08 13:16:30 [main] INFO  test.IssueOfSSLConnection -   Memory usage: 30%                Users logged in:       1
2025-05-08 13:16:30 [main] INFO  test.IssueOfSSLConnection -   Swap usage:   0%                 IPv4 address for ens5: 172.31.15.102
2025-05-08 13:16:30 [main] INFO  test.IssueOfSSLConnection - 
2025-05-08 13:16:30 [main] INFO  test.IssueOfSSLConnection -  * Ubuntu Pro delivers the most comprehensive open source security and
2025-05-08 13:16:30 [main] INFO  test.IssueOfSSLConnection -    compliance features.
2025-05-08 13:16:30 [main] INFO  test.IssueOfSSLConnection - 
2025-05-08 13:16:30 [main] INFO  test.IssueOfSSLConnection -    https://ubuntu.com/aws/pro
2025-05-08 13:16:30 [main] INFO  test.IssueOfSSLConnection - 
2025-05-08 13:16:30 [main] INFO  test.IssueOfSSLConnection - Expanded Security Maintenance for Applications is not enabled.
2025-05-08 13:16:30 [main] INFO  test.IssueOfSSLConnection - 
2025-05-08 13:16:30 [main] INFO  test.IssueOfSSLConnection - 43 updates can be applied immediately.
2025-05-08 13:16:30 [main] INFO  test.IssueOfSSLConnection - To see these additional updates run: apt list --upgradable
2025-05-08 13:16:30 [main] INFO  test.IssueOfSSLConnection - 
2025-05-08 13:16:30 [main] INFO  test.IssueOfSSLConnection - Enable ESM Apps to receive additional future security updates.
2025-05-08 13:16:30 [main] INFO  test.IssueOfSSLConnection - See https://ubuntu.com/esm or run: sudo pro status
2025-05-08 13:16:30 [main] INFO  test.IssueOfSSLConnection - 
2025-05-08 13:16:30 [main] INFO  test.IssueOfSSLConnection - 
2025-05-08 13:16:30 [main] INFO  test.IssueOfSSLConnection - *** System restart required ***
2025-05-08 13:16:30 [main] INFO  test.IssueOfSSLConnection - Stopping idempiere service (1st attempt)...
2025-05-08 13:16:37 [main] INFO  test.IssueOfSSLConnection - Stopping idempiere service (2nd attempt)...
2025-05-08 13:16:39 [main] INFO  test.IssueOfSSLConnection - Checking idempiere service status...
2025-05-08 13:16:39 [main] INFO  test.IssueOfSSLConnection -      Active: inactive (dead) since Thu 2025-05-08 07:46:37 UTC; 1s ago
2025-05-08 13:16:39 [main] INFO  test.IssueOfSSLConnection - Service is not running.
2025-05-08 13:17:01 [main] INFO  test.IssueOfSSLConnection -      Active: active (running) since Thu 2025-05-08 07:47:01 UTC; 58ms ago
2025-05-08 13:17:01 [main] INFO  test.IssueOfSSLConnection - 0
2025-05-08 13:17:15 [main] INFO  test.IssueOfSSLConnection - Opened webui on new tab : https://54.84.94.16:8443/
2025-05-08 13:17:27 [main] INFO  test.IssueOfSSLConnection - User Entered valid username : SuperUser
2025-05-08 13:17:27 [main] INFO  test.IssueOfSSLConnection - User Enetered valid Password : System
2025-05-08 13:17:27 [main] INFO  test.IssueOfSSLConnection - User clicked on Login button
2025-05-08 13:17:30 [main] INFO  test.IssueOfSSLConnection - User selects the Client
2025-05-08 13:17:32 [main] INFO  test.IssueOfSSLConnection - User selects the Role : Admin
2025-05-08 13:17:40 [main] INFO  test.IssueOfSSLConnection - User login to webui successfully
2025-05-08 13:17:42 [main] INFO  test.IssueOfSSLConnection - User searched for Document Explorer window
2025-05-08 13:17:44 [main] ERROR test.IssueOfSSLConnection - User gets an error Popup
2025-05-08 13:17:44 [main] INFO  test.IssueOfSSLConnection - User Navigates back to the : https://SuperUser:System@54.84.94.16:8443/osgi/system/console/
2025-05-08 13:17:50 [main] INFO  test.IssueOfSSLConnection - User searched for plugin org.idempiere.dms
2025-05-08 13:17:50 [main] INFO  test.IssueOfSSLConnection - User Refreshes the plugin org.idempiere.dms
2025-05-08 13:17:58 [main] INFO  test.IssueOfSSLConnection - User searched for plugin com.logilite.search
2025-05-08 13:17:58 [main] INFO  test.IssueOfSSLConnection - User Refreshes the plugin com.logilite.search
2025-05-08 13:18:05 [main] INFO  test.IssueOfSSLConnection - User searched for plugin com.logilite.search.solr
2025-05-08 13:18:05 [main] INFO  test.IssueOfSSLConnection - User Refreshes the plugin com.logilite.search.solr
2025-05-08 13:18:12 [main] INFO  test.IssueOfSSLConnection - User searched for plugin com.logilite.dmstheme
2025-05-08 13:18:12 [main] INFO  test.IssueOfSSLConnection - User Refreshes the plugin com.logilite.dmstheme
2025-05-08 13:18:20 [main] INFO  test.IssueOfSSLConnection - User searched for plugin com.logilite.dms.storageprovider
2025-05-08 13:18:20 [main] INFO  test.IssueOfSSLConnection - User Refreshes the plugin com.logilite.dms.storageprovider
2025-05-08 13:18:25 [main] INFO  test.IssueOfSSLConnection - ...Server Restarting...
2025-05-08 13:18:25 [main] INFO  test.IssueOfSSLConnection - Connecting to ubuntu@54.84.94.16 with key idempiere-key-pair.pem...
2025-05-08 13:18:25 [main] INFO  test.IssueOfSSLConnection - Pseudo-terminal will not be allocated because stdin is not a terminal.
2025-05-08 13:18:28 [main] INFO  test.IssueOfSSLConnection - Welcome to Ubuntu 24.04.2 LTS (GNU/Linux 6.8.0-1024-aws x86_64)
2025-05-08 13:18:28 [main] INFO  test.IssueOfSSLConnection - 
2025-05-08 13:18:28 [main] INFO  test.IssueOfSSLConnection -  * Documentation:  https://help.ubuntu.com
2025-05-08 13:18:28 [main] INFO  test.IssueOfSSLConnection -  * Management:     https://landscape.canonical.com
2025-05-08 13:18:28 [main] INFO  test.IssueOfSSLConnection -  * Support:        https://ubuntu.com/pro
2025-05-08 13:18:28 [main] INFO  test.IssueOfSSLConnection - 
2025-05-08 13:18:28 [main] INFO  test.IssueOfSSLConnection -  System information as of Thu May  8 07:48:26 UTC 2025
2025-05-08 13:18:28 [main] INFO  test.IssueOfSSLConnection - 
2025-05-08 13:18:28 [main] INFO  test.IssueOfSSLConnection -   System load:  1.03               Temperature:           -273.1 C
2025-05-08 13:18:28 [main] INFO  test.IssueOfSSLConnection -   Usage of /:   17.4% of 66.76GB   Processes:             190
2025-05-08 13:18:28 [main] INFO  test.IssueOfSSLConnection -   Memory usage: 33%                Users logged in:       1
2025-05-08 13:18:28 [main] INFO  test.IssueOfSSLConnection -   Swap usage:   0%                 IPv4 address for ens5: 172.31.15.102
2025-05-08 13:18:28 [main] INFO  test.IssueOfSSLConnection - 
2025-05-08 13:18:28 [main] INFO  test.IssueOfSSLConnection -  * Ubuntu Pro delivers the most comprehensive open source security and
2025-05-08 13:18:28 [main] INFO  test.IssueOfSSLConnection -    compliance features.
2025-05-08 13:18:28 [main] INFO  test.IssueOfSSLConnection - 
2025-05-08 13:18:28 [main] INFO  test.IssueOfSSLConnection -    https://ubuntu.com/aws/pro
2025-05-08 13:18:28 [main] INFO  test.IssueOfSSLConnection - 
2025-05-08 13:18:28 [main] INFO  test.IssueOfSSLConnection - Expanded Security Maintenance for Applications is not enabled.
2025-05-08 13:18:28 [main] INFO  test.IssueOfSSLConnection - 
2025-05-08 13:18:28 [main] INFO  test.IssueOfSSLConnection - 43 updates can be applied immediately.
2025-05-08 13:18:28 [main] INFO  test.IssueOfSSLConnection - To see these additional updates run: apt list --upgradable
2025-05-08 13:18:28 [main] INFO  test.IssueOfSSLConnection - 
2025-05-08 13:18:28 [main] INFO  test.IssueOfSSLConnection - Enable ESM Apps to receive additional future security updates.
2025-05-08 13:18:28 [main] INFO  test.IssueOfSSLConnection - See https://ubuntu.com/esm or run: sudo pro status
2025-05-08 13:18:28 [main] INFO  test.IssueOfSSLConnection - 
2025-05-08 13:18:28 [main] INFO  test.IssueOfSSLConnection - 
2025-05-08 13:18:28 [main] INFO  test.IssueOfSSLConnection - *** System restart required ***
2025-05-08 13:18:28 [main] INFO  test.IssueOfSSLConnection - Stopping idempiere service (1st attempt)...
2025-05-08 13:18:35 [main] INFO  test.IssueOfSSLConnection - Stopping idempiere service (2nd attempt)...
2025-05-08 13:18:37 [main] INFO  test.IssueOfSSLConnection - Checking idempiere service status...
2025-05-08 13:18:37 [main] INFO  test.IssueOfSSLConnection -      Active: inactive (dead) since Thu 2025-05-08 07:48:35 UTC; 1s ago
2025-05-08 13:18:37 [main] INFO  test.IssueOfSSLConnection - Service is not running.
2025-05-08 13:19:01 [main] INFO  test.IssueOfSSLConnection -      Active: active (running) since Thu 2025-05-08 07:49:00 UTC; 60ms ago
2025-05-08 13:19:01 [main] INFO  test.IssueOfSSLConnection - 0
2025-05-08 13:19:15 [main] INFO  test.IssueOfSSLConnection - User again Opened webui on new tab : https://54.84.94.16:8443/
2025-05-08 13:19:27 [main] INFO  test.IssueOfSSLConnection - Entered valid username : SuperUser
2025-05-08 13:19:27 [main] INFO  test.IssueOfSSLConnection - Entered valid Password : System
2025-05-08 13:19:28 [main] INFO  test.IssueOfSSLConnection - User clicked on Login button
2025-05-08 13:19:31 [main] INFO  test.IssueOfSSLConnection - User selects the Client
2025-05-08 13:19:33 [main] INFO  test.IssueOfSSLConnection - User selects the Role : Admin
2025-05-08 13:19:41 [main] INFO  test.IssueOfSSLConnection - User login to webui successfully
2025-05-08 13:19:43 [main] INFO  test.IssueOfSSLConnection - User searched for Document Explorer window
2025-05-08 13:19:45 [main] ERROR test.IssueOfSSLConnection - Again User gets an error Popup
2025-05-08 13:19:45 [main] ERROR test.IssueOfSSLConnection - Error still not resolved
2025-05-08 13:23:31 [main] INFO  test.IssueOfSSLConnection - Launching Chrome browser for the test execution...
2025-05-08 13:23:31 [main] INFO  test.IssueOfSSLConnection - Navigating to the target webpage: https://SuperUser:System@54.84.94.16:8443/osgi/system/console/
2025-05-08 13:23:46 [main] INFO  test.IssueOfSSLConnection - User Searched for plugin com.logilite.search.solr
2025-05-08 13:23:46 [main] INFO  test.IssueOfSSLConnection - User Refreshed the plugin com.logilite.search.solr
2025-05-08 13:23:51 [main] INFO  test.IssueOfSSLConnection - Operation completed succesfully.
2025-05-08 13:23:53 [main] INFO  test.IssueOfSSLConnection - ...Server Restarting...
2025-05-08 13:23:53 [main] INFO  test.IssueOfSSLConnection - Connecting to ubuntu111@54.84.94.16 with key idempiere-key-pair.pem...
2025-05-08 13:23:53 [main] INFO  test.IssueOfSSLConnection - Pseudo-terminal will not be allocated because stdin is not a terminal.
2025-05-08 13:23:55 [main] INFO  test.IssueOfSSLConnection - ubuntu111@54.84.94.16: Permission denied (publickey).
2025-05-08 13:23:55 [main] INFO  test.IssueOfSSLConnection - 255
2025-05-08 13:28:56 [main] INFO  test.IssueOfSSLConnection - Launching Chrome browser for the test execution...
2025-05-08 13:28:56 [main] INFO  test.IssueOfSSLConnection - Navigating to the target webpage: https://SuperUser:System@54.84.94.16:8443/osgi/system/console/
2025-05-08 13:29:10 [main] INFO  test.IssueOfSSLConnection - User Searched for plugin com.logilite.search.solr
2025-05-08 13:29:10 [main] INFO  test.IssueOfSSLConnection - User Refreshed the plugin com.logilite.search.solr
2025-05-08 13:29:16 [main] INFO  test.IssueOfSSLConnection - Operation completed succesfully.
2025-05-08 13:29:18 [main] INFO  test.IssueOfSSLConnection - ...Server Restarting...
2025-05-08 13:29:18 [main] INFO  test.IssueOfSSLConnection - Connecting to ubuntu@54.84.94.16 with key idempiere-key-pair.pem...
2025-05-08 13:29:18 [main] INFO  test.IssueOfSSLConnection - Pseudo-terminal will not be allocated because stdin is not a terminal.
2025-05-08 13:29:20 [main] INFO  test.IssueOfSSLConnection - Welcome to Ubuntu 24.04.2 LTS (GNU/Linux 6.8.0-1024-aws x86_64)
2025-05-08 13:29:20 [main] INFO  test.IssueOfSSLConnection - 
2025-05-08 13:29:20 [main] INFO  test.IssueOfSSLConnection -  * Documentation:  https://help.ubuntu.com
2025-05-08 13:29:20 [main] INFO  test.IssueOfSSLConnection -  * Management:     https://landscape.canonical.com
2025-05-08 13:29:20 [main] INFO  test.IssueOfSSLConnection -  * Support:        https://ubuntu.com/pro
2025-05-08 13:29:20 [main] INFO  test.IssueOfSSLConnection - 
2025-05-08 13:29:20 [main] INFO  test.IssueOfSSLConnection -  System information as of Thu May  8 07:59:19 UTC 2025
2025-05-08 13:29:20 [main] INFO  test.IssueOfSSLConnection - 
2025-05-08 13:29:20 [main] INFO  test.IssueOfSSLConnection -   System load:  0.0                Temperature:           -273.1 C
2025-05-08 13:29:20 [main] INFO  test.IssueOfSSLConnection -   Usage of /:   17.4% of 66.76GB   Processes:             194
2025-05-08 13:29:20 [main] INFO  test.IssueOfSSLConnection -   Memory usage: 30%                Users logged in:       1
2025-05-08 13:29:20 [main] INFO  test.IssueOfSSLConnection -   Swap usage:   0%                 IPv4 address for ens5: 172.31.15.102
2025-05-08 13:29:20 [main] INFO  test.IssueOfSSLConnection - 
2025-05-08 13:29:20 [main] INFO  test.IssueOfSSLConnection -  * Ubuntu Pro delivers the most comprehensive open source security and
2025-05-08 13:29:20 [main] INFO  test.IssueOfSSLConnection -    compliance features.
2025-05-08 13:29:20 [main] INFO  test.IssueOfSSLConnection - 
2025-05-08 13:29:20 [main] INFO  test.IssueOfSSLConnection -    https://ubuntu.com/aws/pro
2025-05-08 13:29:20 [main] INFO  test.IssueOfSSLConnection - 
2025-05-08 13:29:20 [main] INFO  test.IssueOfSSLConnection - Expanded Security Maintenance for Applications is not enabled.
2025-05-08 13:29:20 [main] INFO  test.IssueOfSSLConnection - 
2025-05-08 13:29:20 [main] INFO  test.IssueOfSSLConnection - 43 updates can be applied immediately.
2025-05-08 13:29:20 [main] INFO  test.IssueOfSSLConnection - To see these additional updates run: apt list --upgradable
2025-05-08 13:29:20 [main] INFO  test.IssueOfSSLConnection - 
2025-05-08 13:29:20 [main] INFO  test.IssueOfSSLConnection - Enable ESM Apps to receive additional future security updates.
2025-05-08 13:29:20 [main] INFO  test.IssueOfSSLConnection - See https://ubuntu.com/esm or run: sudo pro status
2025-05-08 13:29:20 [main] INFO  test.IssueOfSSLConnection - 
2025-05-08 13:29:20 [main] INFO  test.IssueOfSSLConnection - 
2025-05-08 13:29:20 [main] INFO  test.IssueOfSSLConnection - *** System restart required ***
2025-05-08 13:29:21 [main] INFO  test.IssueOfSSLConnection - Stopping idempiere service (1st attempt)...
2025-05-08 13:29:28 [main] INFO  test.IssueOfSSLConnection - Stopping idempiere service (2nd attempt)...
2025-05-08 13:29:30 [main] INFO  test.IssueOfSSLConnection - Checking idempiere service status...
2025-05-08 13:29:30 [main] INFO  test.IssueOfSSLConnection -      Active: inactive (dead) since Thu 2025-05-08 07:59:28 UTC; 1s ago
2025-05-08 13:29:30 [main] INFO  test.IssueOfSSLConnection - Service is not running.
2025-05-08 13:29:53 [main] INFO  test.IssueOfSSLConnection -      Active: active (running) since Thu 2025-05-08 07:59:53 UTC; 66ms ago
2025-05-08 13:29:53 [main] INFO  test.IssueOfSSLConnection - 0
2025-05-08 13:30:08 [main] INFO  test.IssueOfSSLConnection - Opened webui on new tab : https://54.84.94.16:8443/
2025-05-08 13:30:21 [main] INFO  test.IssueOfSSLConnection - User Entered valid username : SuperUser
2025-05-08 13:30:21 [main] INFO  test.IssueOfSSLConnection - User Enetered valid Password : System
2025-05-08 13:30:21 [main] INFO  test.IssueOfSSLConnection - User clicked on Login button
2025-05-08 13:30:24 [main] INFO  test.IssueOfSSLConnection - User selects the Client
2025-05-08 13:30:27 [main] INFO  test.IssueOfSSLConnection - User selects the Role : Admin
2025-05-08 13:30:34 [main] INFO  test.IssueOfSSLConnection - User login to webui successfully
2025-05-08 13:30:36 [main] INFO  test.IssueOfSSLConnection - User searched for Document Explorer window
2025-05-08 13:30:38 [main] ERROR test.IssueOfSSLConnection - User gets an error Popup
2025-05-08 13:30:38 [main] INFO  test.IssueOfSSLConnection - User Navigates back to the : https://SuperUser:System@54.84.94.16:8443/osgi/system/console/
2025-05-08 13:30:44 [main] INFO  test.IssueOfSSLConnection - User searched for plugin org.idempiere.dms
2025-05-08 13:30:44 [main] INFO  test.IssueOfSSLConnection - User Refreshes the plugin org.idempiere.dms
2025-05-08 13:30:52 [main] INFO  test.IssueOfSSLConnection - User searched for plugin com.logilite.search
2025-05-08 13:30:52 [main] INFO  test.IssueOfSSLConnection - User Refreshes the plugin com.logilite.search
2025-05-08 13:30:59 [main] INFO  test.IssueOfSSLConnection - User searched for plugin com.logilite.search.solr
2025-05-08 13:30:59 [main] INFO  test.IssueOfSSLConnection - User Refreshes the plugin com.logilite.search.solr
2025-05-08 13:31:06 [main] INFO  test.IssueOfSSLConnection - User searched for plugin com.logilite.dmstheme
2025-05-08 13:31:06 [main] INFO  test.IssueOfSSLConnection - User Refreshes the plugin com.logilite.dmstheme
2025-05-08 13:31:14 [main] INFO  test.IssueOfSSLConnection - User searched for plugin com.logilite.dms.storageprovider
2025-05-08 13:31:14 [main] INFO  test.IssueOfSSLConnection - User Refreshes the plugin com.logilite.dms.storageprovider
2025-05-08 13:31:19 [main] INFO  test.IssueOfSSLConnection - ...Server Restarting...
2025-05-08 13:31:19 [main] INFO  test.IssueOfSSLConnection - Connecting to ubuntu@54.84.94.16 with key idempiere-key-pair.pem...
2025-05-08 13:31:19 [main] INFO  test.IssueOfSSLConnection - Pseudo-terminal will not be allocated because stdin is not a terminal.
2025-05-08 13:31:22 [main] INFO  test.IssueOfSSLConnection - Welcome to Ubuntu 24.04.2 LTS (GNU/Linux 6.8.0-1024-aws x86_64)
2025-05-08 13:31:22 [main] INFO  test.IssueOfSSLConnection - 
2025-05-08 13:31:22 [main] INFO  test.IssueOfSSLConnection -  * Documentation:  https://help.ubuntu.com
2025-05-08 13:31:22 [main] INFO  test.IssueOfSSLConnection -  * Management:     https://landscape.canonical.com
2025-05-08 13:31:22 [main] INFO  test.IssueOfSSLConnection -  * Support:        https://ubuntu.com/pro
2025-05-08 13:31:22 [main] INFO  test.IssueOfSSLConnection - 
2025-05-08 13:31:22 [main] INFO  test.IssueOfSSLConnection -  System information as of Thu May  8 08:01:20 UTC 2025
2025-05-08 13:31:22 [main] INFO  test.IssueOfSSLConnection - 
2025-05-08 13:31:22 [main] INFO  test.IssueOfSSLConnection -   System load:  1.63               Temperature:           -273.1 C
2025-05-08 13:31:22 [main] INFO  test.IssueOfSSLConnection -   Usage of /:   17.4% of 66.76GB   Processes:             173
2025-05-08 13:31:22 [main] INFO  test.IssueOfSSLConnection -   Memory usage: 30%                Users logged in:       1
2025-05-08 13:31:22 [main] INFO  test.IssueOfSSLConnection -   Swap usage:   0%                 IPv4 address for ens5: 172.31.15.102
2025-05-08 13:31:22 [main] INFO  test.IssueOfSSLConnection - 
2025-05-08 13:31:22 [main] INFO  test.IssueOfSSLConnection -  * Ubuntu Pro delivers the most comprehensive open source security and
2025-05-08 13:31:22 [main] INFO  test.IssueOfSSLConnection -    compliance features.
2025-05-08 13:31:22 [main] INFO  test.IssueOfSSLConnection - 
2025-05-08 13:31:22 [main] INFO  test.IssueOfSSLConnection -    https://ubuntu.com/aws/pro
2025-05-08 13:31:22 [main] INFO  test.IssueOfSSLConnection - 
2025-05-08 13:31:22 [main] INFO  test.IssueOfSSLConnection - Expanded Security Maintenance for Applications is not enabled.
2025-05-08 13:31:22 [main] INFO  test.IssueOfSSLConnection - 
2025-05-08 13:31:22 [main] INFO  test.IssueOfSSLConnection - 43 updates can be applied immediately.
2025-05-08 13:31:22 [main] INFO  test.IssueOfSSLConnection - To see these additional updates run: apt list --upgradable
2025-05-08 13:31:22 [main] INFO  test.IssueOfSSLConnection - 
2025-05-08 13:31:22 [main] INFO  test.IssueOfSSLConnection - Enable ESM Apps to receive additional future security updates.
2025-05-08 13:31:22 [main] INFO  test.IssueOfSSLConnection - See https://ubuntu.com/esm or run: sudo pro status
2025-05-08 13:31:22 [main] INFO  test.IssueOfSSLConnection - 
2025-05-08 13:31:22 [main] INFO  test.IssueOfSSLConnection - 
2025-05-08 13:31:22 [main] INFO  test.IssueOfSSLConnection - *** System restart required ***
2025-05-08 13:31:22 [main] INFO  test.IssueOfSSLConnection - Stopping idempiere service (1st attempt)...
2025-05-08 13:31:29 [main] INFO  test.IssueOfSSLConnection - Stopping idempiere service (2nd attempt)...
2025-05-08 13:31:31 [main] INFO  test.IssueOfSSLConnection - Checking idempiere service status...
2025-05-08 13:31:31 [main] INFO  test.IssueOfSSLConnection -      Active: inactive (dead) since Thu 2025-05-08 08:01:29 UTC; 1s ago
2025-05-08 13:31:31 [main] INFO  test.IssueOfSSLConnection - Service is not running.
2025-05-08 13:31:53 [main] INFO  test.IssueOfSSLConnection -      Active: active (running) since Thu 2025-05-08 08:01:53 UTC; 65ms ago
2025-05-08 13:31:53 [main] INFO  test.IssueOfSSLConnection - 0
2025-05-08 13:32:07 [main] INFO  test.IssueOfSSLConnection - User again Opened webui on new tab : https://54.84.94.16:8443/
2025-05-08 13:32:20 [main] INFO  test.IssueOfSSLConnection - Entered valid username : SuperUser
2025-05-08 13:32:20 [main] INFO  test.IssueOfSSLConnection - Entered valid Password : System
2025-05-08 13:32:21 [main] INFO  test.IssueOfSSLConnection - User clicked on Login button
2025-05-08 13:32:24 [main] INFO  test.IssueOfSSLConnection - User selects the Client
2025-05-08 13:32:26 [main] INFO  test.IssueOfSSLConnection - User selects the Role : Admin
2025-05-08 13:32:36 [main] INFO  test.IssueOfSSLConnection - User login to webui successfully
2025-05-08 13:32:38 [main] INFO  test.IssueOfSSLConnection - User searched for Document Explorer window
2025-05-08 13:32:40 [main] ERROR test.IssueOfSSLConnection - Again User gets an error Popup
2025-05-08 13:32:40 [main] ERROR test.IssueOfSSLConnection - Error still not resolved
2025-05-08 14:23:27 [main] INFO  test.IssueOfSSLConnection - Launching Chrome browser for the test execution...
2025-05-08 14:23:28 [main] INFO  test.IssueOfSSLConnection - Navigating to the target webpage: https://SuperUser:System@54.84.94.16:8443/osgi/system/console/
2025-05-08 14:23:42 [main] INFO  test.IssueOfSSLConnection - User Searched for plugin com.logilite.search.solr
2025-05-08 14:23:42 [main] INFO  test.IssueOfSSLConnection - User Refreshed the plugin com.logilite.search.solr
2025-05-08 14:23:47 [main] INFO  test.IssueOfSSLConnection - Operation completed succesfully.
2025-05-08 14:23:49 [main] INFO  test.IssueOfSSLConnection - ...Server Restarting...
2025-05-08 14:23:49 [main] INFO  test.IssueOfSSLConnection - Connecting to ubuntu@54.84.94.16 with key idempiere-key-pair.pem...
2025-05-08 14:23:49 [main] INFO  test.IssueOfSSLConnection - Pseudo-terminal will not be allocated because stdin is not a terminal.
2025-05-08 14:23:53 [main] INFO  test.IssueOfSSLConnection - Welcome to Ubuntu 24.04.2 LTS (GNU/Linux 6.8.0-1024-aws x86_64)
2025-05-08 14:23:53 [main] INFO  test.IssueOfSSLConnection - 
2025-05-08 14:23:53 [main] INFO  test.IssueOfSSLConnection -  * Documentation:  https://help.ubuntu.com
2025-05-08 14:23:53 [main] INFO  test.IssueOfSSLConnection -  * Management:     https://landscape.canonical.com
2025-05-08 14:23:53 [main] INFO  test.IssueOfSSLConnection -  * Support:        https://ubuntu.com/pro
2025-05-08 14:23:53 [main] INFO  test.IssueOfSSLConnection - 
2025-05-08 14:23:53 [main] INFO  test.IssueOfSSLConnection -  System information as of Thu May  8 08:53:51 UTC 2025
2025-05-08 14:23:53 [main] INFO  test.IssueOfSSLConnection - 
2025-05-08 14:23:53 [main] INFO  test.IssueOfSSLConnection -   System load:  0.38               Temperature:           -273.1 C
2025-05-08 14:23:53 [main] INFO  test.IssueOfSSLConnection -   Usage of /:   17.4% of 66.76GB   Processes:             130
2025-05-08 14:23:53 [main] INFO  test.IssueOfSSLConnection -   Memory usage: 31%                Users logged in:       1
2025-05-08 14:23:53 [main] INFO  test.IssueOfSSLConnection -   Swap usage:   0%                 IPv4 address for ens5: 172.31.15.102
2025-05-08 14:23:53 [main] INFO  test.IssueOfSSLConnection - 
2025-05-08 14:23:53 [main] INFO  test.IssueOfSSLConnection -  * Ubuntu Pro delivers the most comprehensive open source security and
2025-05-08 14:23:53 [main] INFO  test.IssueOfSSLConnection -    compliance features.
2025-05-08 14:23:53 [main] INFO  test.IssueOfSSLConnection - 
2025-05-08 14:23:53 [main] INFO  test.IssueOfSSLConnection -    https://ubuntu.com/aws/pro
2025-05-08 14:23:53 [main] INFO  test.IssueOfSSLConnection - 
2025-05-08 14:23:53 [main] INFO  test.IssueOfSSLConnection - Expanded Security Maintenance for Applications is not enabled.
2025-05-08 14:23:53 [main] INFO  test.IssueOfSSLConnection - 
2025-05-08 14:23:53 [main] INFO  test.IssueOfSSLConnection - 43 updates can be applied immediately.
2025-05-08 14:23:53 [main] INFO  test.IssueOfSSLConnection - To see these additional updates run: apt list --upgradable
2025-05-08 14:23:53 [main] INFO  test.IssueOfSSLConnection - 
2025-05-08 14:23:53 [main] INFO  test.IssueOfSSLConnection - Enable ESM Apps to receive additional future security updates.
2025-05-08 14:23:53 [main] INFO  test.IssueOfSSLConnection - See https://ubuntu.com/esm or run: sudo pro status
2025-05-08 14:23:53 [main] INFO  test.IssueOfSSLConnection - 
2025-05-08 14:23:53 [main] INFO  test.IssueOfSSLConnection - 
2025-05-08 14:23:53 [main] INFO  test.IssueOfSSLConnection - *** System restart required ***
2025-05-08 14:23:53 [main] INFO  test.IssueOfSSLConnection - Stopping idempiere service (1st attempt)...
2025-05-08 14:24:01 [main] INFO  test.IssueOfSSLConnection - Stopping idempiere service (2nd attempt)...
2025-05-08 14:24:02 [main] INFO  test.IssueOfSSLConnection - Checking idempiere service status...
2025-05-08 14:24:02 [main] INFO  test.IssueOfSSLConnection -      Active: inactive (dead) since Thu 2025-05-08 08:54:01 UTC; 1s ago
2025-05-08 14:24:02 [main] INFO  test.IssueOfSSLConnection - Service is not running.
2025-05-08 14:24:26 [main] INFO  test.IssueOfSSLConnection -      Active: active (running) since Thu 2025-05-08 08:54:26 UTC; 79ms ago
2025-05-08 14:24:26 [main] INFO  test.IssueOfSSLConnection - 0
2025-05-08 14:24:56 [main] INFO  test.IssueOfSSLConnection - Opened webui on new tab : https://54.84.94.16:8443/
2025-05-08 14:25:10 [main] INFO  test.IssueOfSSLConnection - User Entered valid username : SuperUser
2025-05-08 14:25:10 [main] INFO  test.IssueOfSSLConnection - User Enetered valid Password : System
2025-05-08 14:25:10 [main] INFO  test.IssueOfSSLConnection - User clicked on Login button
2025-05-08 14:25:14 [main] INFO  test.IssueOfSSLConnection - User selects the Client
2025-05-08 14:25:16 [main] INFO  test.IssueOfSSLConnection - User selects the Role : Admin
2025-05-08 14:25:23 [main] INFO  test.IssueOfSSLConnection - User login to webui successfully
2025-05-08 14:25:25 [main] INFO  test.IssueOfSSLConnection - User searched for Document Explorer window
2025-05-08 14:25:27 [main] ERROR test.IssueOfSSLConnection - User gets an error Popup
2025-05-08 14:25:27 [main] INFO  test.IssueOfSSLConnection - User Navigates back to the : https://SuperUser:System@54.84.94.16:8443/osgi/system/console/
2025-05-08 14:25:34 [main] INFO  test.IssueOfSSLConnection - User searched for plugin org.idempiere.dms
2025-05-08 14:25:34 [main] INFO  test.IssueOfSSLConnection - User Refreshes the plugin org.idempiere.dms
2025-05-08 14:25:41 [main] INFO  test.IssueOfSSLConnection - User searched for plugin com.logilite.search
2025-05-08 14:25:41 [main] INFO  test.IssueOfSSLConnection - User Refreshes the plugin com.logilite.search
2025-05-08 14:25:48 [main] INFO  test.IssueOfSSLConnection - User searched for plugin com.logilite.search.solr
2025-05-08 14:25:48 [main] INFO  test.IssueOfSSLConnection - User Refreshes the plugin com.logilite.search.solr
2025-05-08 14:25:55 [main] INFO  test.IssueOfSSLConnection - User searched for plugin com.logilite.dmstheme
2025-05-08 14:25:55 [main] INFO  test.IssueOfSSLConnection - User Refreshes the plugin com.logilite.dmstheme
2025-05-08 14:26:03 [main] INFO  test.IssueOfSSLConnection - User searched for plugin com.logilite.dms.storageprovider
2025-05-08 14:26:03 [main] INFO  test.IssueOfSSLConnection - User Refreshes the plugin com.logilite.dms.storageprovider
2025-05-08 14:26:08 [main] INFO  test.IssueOfSSLConnection - ...Server Restarting...
2025-05-08 14:26:08 [main] INFO  test.IssueOfSSLConnection - Connecting to ubuntu@54.84.94.16 with key idempiere-key-pair.pem...
2025-05-08 14:26:08 [main] INFO  test.IssueOfSSLConnection - Pseudo-terminal will not be allocated because stdin is not a terminal.
2025-05-08 14:26:11 [main] INFO  test.IssueOfSSLConnection - Welcome to Ubuntu 24.04.2 LTS (GNU/Linux 6.8.0-1024-aws x86_64)
2025-05-08 14:26:11 [main] INFO  test.IssueOfSSLConnection - 
2025-05-08 14:26:11 [main] INFO  test.IssueOfSSLConnection -  * Documentation:  https://help.ubuntu.com
2025-05-08 14:26:11 [main] INFO  test.IssueOfSSLConnection -  * Management:     https://landscape.canonical.com
2025-05-08 14:26:11 [main] INFO  test.IssueOfSSLConnection -  * Support:        https://ubuntu.com/pro
2025-05-08 14:26:11 [main] INFO  test.IssueOfSSLConnection - 
2025-05-08 14:26:11 [main] INFO  test.IssueOfSSLConnection -  System information as of Thu May  8 08:56:10 UTC 2025
2025-05-08 14:26:11 [main] INFO  test.IssueOfSSLConnection - 
2025-05-08 14:26:11 [main] INFO  test.IssueOfSSLConnection -   System load:  1.83               Temperature:           -273.1 C
2025-05-08 14:26:11 [main] INFO  test.IssueOfSSLConnection -   Usage of /:   17.4% of 66.76GB   Processes:             184
2025-05-08 14:26:11 [main] INFO  test.IssueOfSSLConnection -   Memory usage: 32%                Users logged in:       1
2025-05-08 14:26:11 [main] INFO  test.IssueOfSSLConnection -   Swap usage:   0%                 IPv4 address for ens5: 172.31.15.102
2025-05-08 14:26:11 [main] INFO  test.IssueOfSSLConnection - 
2025-05-08 14:26:11 [main] INFO  test.IssueOfSSLConnection -  * Ubuntu Pro delivers the most comprehensive open source security and
2025-05-08 14:26:11 [main] INFO  test.IssueOfSSLConnection -    compliance features.
2025-05-08 14:26:11 [main] INFO  test.IssueOfSSLConnection - 
2025-05-08 14:26:11 [main] INFO  test.IssueOfSSLConnection -    https://ubuntu.com/aws/pro
2025-05-08 14:26:11 [main] INFO  test.IssueOfSSLConnection - 
2025-05-08 14:26:11 [main] INFO  test.IssueOfSSLConnection - Expanded Security Maintenance for Applications is not enabled.
2025-05-08 14:26:11 [main] INFO  test.IssueOfSSLConnection - 
2025-05-08 14:26:11 [main] INFO  test.IssueOfSSLConnection - 43 updates can be applied immediately.
2025-05-08 14:26:11 [main] INFO  test.IssueOfSSLConnection - To see these additional updates run: apt list --upgradable
2025-05-08 14:26:11 [main] INFO  test.IssueOfSSLConnection - 
2025-05-08 14:26:11 [main] INFO  test.IssueOfSSLConnection - Enable ESM Apps to receive additional future security updates.
2025-05-08 14:26:11 [main] INFO  test.IssueOfSSLConnection - See https://ubuntu.com/esm or run: sudo pro status
2025-05-08 14:26:11 [main] INFO  test.IssueOfSSLConnection - 
2025-05-08 14:26:11 [main] INFO  test.IssueOfSSLConnection - 
2025-05-08 14:26:11 [main] INFO  test.IssueOfSSLConnection - *** System restart required ***
2025-05-08 14:26:11 [main] INFO  test.IssueOfSSLConnection - Stopping idempiere service (1st attempt)...
2025-05-08 14:26:18 [main] INFO  test.IssueOfSSLConnection - Stopping idempiere service (2nd attempt)...
2025-05-08 14:26:20 [main] INFO  test.IssueOfSSLConnection - Checking idempiere service status...
2025-05-08 14:26:20 [main] INFO  test.IssueOfSSLConnection -      Active: inactive (dead) since Thu 2025-05-08 08:56:18 UTC; 1s ago
2025-05-08 14:26:20 [main] INFO  test.IssueOfSSLConnection - Service is not running.
2025-05-08 14:26:46 [main] INFO  test.IssueOfSSLConnection -      Active: active (running) since Thu 2025-05-08 08:56:46 UTC; 70ms ago
2025-05-08 14:26:46 [main] INFO  test.IssueOfSSLConnection - 0
2025-05-08 14:27:00 [main] INFO  test.IssueOfSSLConnection - User again Opened webui on new tab : https://54.84.94.16:8443/
2025-05-08 14:27:12 [main] INFO  test.IssueOfSSLConnection - Entered valid username : SuperUser
2025-05-08 14:27:13 [main] INFO  test.IssueOfSSLConnection - Entered valid Password : System
2025-05-08 14:27:13 [main] INFO  test.IssueOfSSLConnection - User clicked on Login button
2025-05-08 14:27:17 [main] INFO  test.IssueOfSSLConnection - User selects the Client
2025-05-08 14:27:19 [main] INFO  test.IssueOfSSLConnection - User selects the Role : Admin
2025-05-08 14:27:26 [main] INFO  test.IssueOfSSLConnection - User login to webui successfully
2025-05-08 14:27:29 [main] INFO  test.IssueOfSSLConnection - User searched for Document Explorer window
2025-05-08 14:27:31 [main] ERROR test.IssueOfSSLConnection - Again User gets an error Popup
2025-05-08 14:27:31 [main] ERROR test.IssueOfSSLConnection - Error still not resolved
2025-05-08 14:44:20 [main] INFO  test.IssueOfSSLConnection - Launching Chrome browser for the test execution...
2025-05-08 14:44:20 [main] INFO  test.IssueOfSSLConnection - Navigating to the target webpage: https://SuperUser:System@54.84.94.16:8443/osgi/system/console/
2025-05-08 14:44:38 [main] INFO  test.IssueOfSSLConnection - User Searched for plugin com.logilite.search.solr
2025-05-08 14:44:38 [main] INFO  test.IssueOfSSLConnection - User Refreshed the plugin com.logilite.search.solr
2025-05-08 14:44:43 [main] INFO  test.IssueOfSSLConnection - Operation completed succesfully.
2025-05-08 14:44:45 [main] INFO  test.IssueOfSSLConnection - ...Server Restarting...
2025-05-08 14:44:58 [main] INFO  test.IssueOfSSLConnection - 1
2025-05-08 14:45:27 [main] INFO  test.IssueOfSSLConnection - Launching Chrome browser for the test execution...
2025-05-08 14:45:28 [main] ERROR test.IssueOfSSLConnection - unknown error: net::ERR_CONNECTION_REFUSED
  (Session info: chrome=135.0.7049.114)
Build info: version: '4.25.0', revision: '8a8aea2337'
System info: os.name: 'Linux', os.arch: 'amd64', os.version: '5.4.0-150-generic', java.version: '17.0.7'
Driver info: org.openqa.selenium.chrome.ChromeDriver
Command: [7624e4213539bddfce93cf9a58d55d5e, get {url=https://SuperUser:System@54.84.94.16:8443/osgi/system/console/}]
Capabilities {acceptInsecureCerts: false, browserName: chrome, browserVersion: 135.0.7049.114, chrome: {chromedriverVersion: 135.0.7049.114 (63fd8a7d9d0..., userDataDir: /tmp/.org.chromium.Chromium...}, fedcm:accounts: true, goog:chromeOptions: {debuggerAddress: localhost:35381}, networkConnectionEnabled: false, pageLoadStrategy: normal, platformName: linux, proxy: Proxy(), se:cdp: ws://localhost:35381/devtoo..., se:cdpVersion: 135.0.7049.114, setWindowRect: true, strictFileInteractability: false, timeouts: {implicit: 0, pageLoad: 300000, script: 30000}, unhandledPromptBehavior: dismiss and notify, webauthn:extension:credBlob: true, webauthn:extension:largeBlob: true, webauthn:extension:minPinLength: true, webauthn:extension:prf: true, webauthn:virtualAuthenticators: true}
Session ID: 7624e4213539bddfce93cf9a58d55d5e
2025-05-08 15:15:43 [main] INFO  test.IssueOfSSLConnection - Launching Chrome browser for the test execution...
2025-05-08 15:15:44 [main] INFO  test.IssueOfSSLConnection - Navigating to the target webpage: https://SuperUser:System@54.84.94.16:8443/osgi/system/console/
2025-05-08 15:16:00 [main] INFO  test.IssueOfSSLConnection - User Searched for plugin com.logilite.search.solr
2025-05-08 15:16:00 [main] INFO  test.IssueOfSSLConnection - User Refreshed the plugin com.logilite.search.solr
2025-05-08 15:16:05 [main] INFO  test.IssueOfSSLConnection - Operation completed succesfully.
2025-05-08 15:16:07 [main] INFO  test.IssueOfSSLConnection - ...Server Restarting...
2025-05-08 15:16:41 [main] INFO  test.IssueOfSSLConnection - 0
2025-05-08 15:16:59 [main] INFO  test.IssueOfSSLConnection - Opened webui on new tab : https://54.84.94.16:8443/
2025-05-08 15:17:12 [main] INFO  test.IssueOfSSLConnection - User Entered valid username : SuperUser
2025-05-08 15:17:12 [main] INFO  test.IssueOfSSLConnection - User Enetered valid Password : System
2025-05-08 15:17:12 [main] INFO  test.IssueOfSSLConnection - User clicked on Login button
2025-05-08 15:17:15 [main] INFO  test.IssueOfSSLConnection - User selects the Client
2025-05-08 15:17:17 [main] INFO  test.IssueOfSSLConnection - User selects the Role : Admin
2025-05-08 15:17:25 [main] INFO  test.IssueOfSSLConnection - User login to webui successfully
2025-05-08 15:17:27 [main] INFO  test.IssueOfSSLConnection - User searched for Document Explorer window
2025-05-08 15:17:30 [main] ERROR test.IssueOfSSLConnection - User gets an error Popup
2025-05-08 15:17:30 [main] INFO  test.IssueOfSSLConnection - User Navigates back to the : https://SuperUser:System@54.84.94.16:8443/osgi/system/console/
2025-05-08 15:17:36 [main] INFO  test.IssueOfSSLConnection - User searched for plugin org.idempiere.dms
2025-05-08 15:17:36 [main] INFO  test.IssueOfSSLConnection - User Refreshes the plugin org.idempiere.dms
2025-05-08 15:17:43 [main] INFO  test.IssueOfSSLConnection - User searched for plugin com.logilite.search
2025-05-08 15:17:43 [main] INFO  test.IssueOfSSLConnection - User Refreshes the plugin com.logilite.search
2025-05-08 15:17:50 [main] INFO  test.IssueOfSSLConnection - User searched for plugin com.logilite.search.solr
2025-05-08 15:17:50 [main] INFO  test.IssueOfSSLConnection - User Refreshes the plugin com.logilite.search.solr
2025-05-08 15:17:58 [main] INFO  test.IssueOfSSLConnection - User searched for plugin com.logilite.dmstheme
2025-05-08 15:17:58 [main] INFO  test.IssueOfSSLConnection - User Refreshes the plugin com.logilite.dmstheme
2025-05-08 15:18:05 [main] INFO  test.IssueOfSSLConnection - User searched for plugin com.logilite.dms.storageprovider
2025-05-08 15:18:05 [main] INFO  test.IssueOfSSLConnection - User Refreshes the plugin com.logilite.dms.storageprovider
2025-05-08 15:18:10 [main] INFO  test.IssueOfSSLConnection - ...Server Restarting...
2025-05-08 15:18:10 [main] INFO  test.IssueOfSSLConnection - Connecting to ubuntu@54.84.94.16 with key idempiere-key-pair.pem...
2025-05-08 15:18:10 [main] INFO  test.IssueOfSSLConnection - Pseudo-terminal will not be allocated because stdin is not a terminal.
2025-05-08 15:18:13 [main] INFO  test.IssueOfSSLConnection - Welcome to Ubuntu 24.04.2 LTS (GNU/Linux 6.8.0-1024-aws x86_64)
2025-05-08 15:18:13 [main] INFO  test.IssueOfSSLConnection - 
2025-05-08 15:18:13 [main] INFO  test.IssueOfSSLConnection -  * Documentation:  https://help.ubuntu.com
2025-05-08 15:18:13 [main] INFO  test.IssueOfSSLConnection -  * Management:     https://landscape.canonical.com
2025-05-08 15:18:13 [main] INFO  test.IssueOfSSLConnection -  * Support:        https://ubuntu.com/pro
2025-05-08 15:18:13 [main] INFO  test.IssueOfSSLConnection - 
2025-05-08 15:18:13 [main] INFO  test.IssueOfSSLConnection -  System information as of Thu May  8 09:48:12 UTC 2025
2025-05-08 15:18:13 [main] INFO  test.IssueOfSSLConnection - 
2025-05-08 15:18:13 [main] INFO  test.IssueOfSSLConnection -   System load:  1.01               Temperature:           -273.1 C
2025-05-08 15:18:13 [main] INFO  test.IssueOfSSLConnection -   Usage of /:   24.2% of 66.76GB   Processes:             173
2025-05-08 15:18:13 [main] INFO  test.IssueOfSSLConnection -   Memory usage: 33%                Users logged in:       1
2025-05-08 15:18:13 [main] INFO  test.IssueOfSSLConnection -   Swap usage:   0%                 IPv4 address for ens5: 172.31.15.102
2025-05-08 15:18:13 [main] INFO  test.IssueOfSSLConnection - 
2025-05-08 15:18:13 [main] INFO  test.IssueOfSSLConnection -  * Ubuntu Pro delivers the most comprehensive open source security and
2025-05-08 15:18:13 [main] INFO  test.IssueOfSSLConnection -    compliance features.
2025-05-08 15:18:13 [main] INFO  test.IssueOfSSLConnection - 
2025-05-08 15:18:13 [main] INFO  test.IssueOfSSLConnection -    https://ubuntu.com/aws/pro
2025-05-08 15:18:13 [main] INFO  test.IssueOfSSLConnection - 
2025-05-08 15:18:13 [main] INFO  test.IssueOfSSLConnection - Expanded Security Maintenance for Applications is not enabled.
2025-05-08 15:18:13 [main] INFO  test.IssueOfSSLConnection - 
2025-05-08 15:18:13 [main] INFO  test.IssueOfSSLConnection - 43 updates can be applied immediately.
2025-05-08 15:18:13 [main] INFO  test.IssueOfSSLConnection - To see these additional updates run: apt list --upgradable
2025-05-08 15:18:13 [main] INFO  test.IssueOfSSLConnection - 
2025-05-08 15:18:13 [main] INFO  test.IssueOfSSLConnection - Enable ESM Apps to receive additional future security updates.
2025-05-08 15:18:13 [main] INFO  test.IssueOfSSLConnection - See https://ubuntu.com/esm or run: sudo pro status
2025-05-08 15:18:13 [main] INFO  test.IssueOfSSLConnection - 
2025-05-08 15:18:13 [main] INFO  test.IssueOfSSLConnection - 
2025-05-08 15:18:13 [main] INFO  test.IssueOfSSLConnection - *** System restart required ***
2025-05-08 15:18:13 [main] INFO  test.IssueOfSSLConnection - Stopping idempiere service (1st attempt)...
2025-05-08 15:18:21 [main] INFO  test.IssueOfSSLConnection - Stopping idempiere service (2nd attempt)...
2025-05-08 15:18:22 [main] INFO  test.IssueOfSSLConnection - Checking idempiere service status...
2025-05-08 15:18:22 [main] INFO  test.IssueOfSSLConnection -      Active: inactive (dead) since Thu 2025-05-08 09:48:21 UTC; 1s ago
2025-05-08 15:18:22 [main] INFO  test.IssueOfSSLConnection - Service is not running.
2025-05-08 15:18:42 [main] INFO  test.IssueOfSSLConnection -      Active: active (running) since Thu 2025-05-08 09:48:42 UTC; 59ms ago
2025-05-08 15:18:42 [main] INFO  test.IssueOfSSLConnection - 0
2025-05-08 15:18:57 [main] INFO  test.IssueOfSSLConnection - User again Opened webui on new tab : https://54.84.94.16:8443/
2025-05-08 15:19:11 [main] INFO  test.IssueOfSSLConnection - Entered valid username : SuperUser
2025-05-08 15:19:11 [main] INFO  test.IssueOfSSLConnection - Entered valid Password : System
2025-05-08 15:19:12 [main] INFO  test.IssueOfSSLConnection - User clicked on Login button
2025-05-08 15:19:15 [main] INFO  test.IssueOfSSLConnection - User selects the Client
2025-05-08 15:19:17 [main] INFO  test.IssueOfSSLConnection - User selects the Role : Admin
2025-05-08 15:19:25 [main] INFO  test.IssueOfSSLConnection - User login to webui successfully
2025-05-08 15:19:27 [main] INFO  test.IssueOfSSLConnection - User searched for Document Explorer window
2025-05-08 15:19:29 [main] ERROR test.IssueOfSSLConnection - Again User gets an error Popup
2025-05-08 15:19:29 [main] ERROR test.IssueOfSSLConnection - Error still not resolved
2025-05-08 16:09:03 [main] ERROR test.IssueOfSSLConnection - Unable to obtain: chromedriver, error chromedriver must be executable: /home/mahamadgaus/Documents/SeleniumSS/src/main/resources/chromedriver-linux64/chromedriver
For documentation on this error, please visit: https://www.selenium.dev/documentation/webdriver/troubleshooting/errors/driver_location/
Build info: version: '4.25.0', revision: '8a8aea2337'
System info: os.name: 'Linux', os.arch: 'amd64', os.version: '5.4.0-150-generic', java.version: '17.0.5'
Driver info: driver.version: ChromeDriver
2025-05-08 16:10:50 [main] ERROR test.IssueOfSSLConnection - Unable to obtain: chromedriver, error chromedriver must be executable: /home/mahamadgaus/Documents/SeleniumSS/src/main/resources/chromedriver-linux64/chromedriver
For documentation on this error, please visit: https://www.selenium.dev/documentation/webdriver/troubleshooting/errors/driver_location/
Build info: version: '4.25.0', revision: '8a8aea2337'
System info: os.name: 'Linux', os.arch: 'amd64', os.version: '5.4.0-150-generic', java.version: '17.0.5'
Driver info: driver.version: ChromeDriver
2025-05-08 16:12:38 [main] INFO  test.IssueOfSSLConnection - Launching Chrome browser for the test execution...
2025-05-08 16:12:38 [main] INFO  test.IssueOfSSLConnection - Navigating to the target webpage: https://SuperUser:System@54.84.94.16:8443/osgi/system/console/
2025-05-08 16:12:53 [main] INFO  test.IssueOfSSLConnection - User Searched for plugin com.logilite.search.solr
2025-05-08 16:12:53 [main] INFO  test.IssueOfSSLConnection - User Refreshed the plugin com.logilite.search.solr
2025-05-08 16:12:58 [main] INFO  test.IssueOfSSLConnection - Operation completed succesfully.
2025-05-08 16:13:00 [main] INFO  test.IssueOfSSLConnection - ...Server Restarting...
2025-05-08 16:13:00 [main] INFO  test.IssueOfSSLConnection - Connecting to ubuntu@54.84.94.16 with key idempiere-key-pair.pem...
2025-05-08 16:13:00 [main] INFO  test.IssueOfSSLConnection - Pseudo-terminal will not be allocated because stdin is not a terminal.
2025-05-08 16:13:03 [main] INFO  test.IssueOfSSLConnection - Welcome to Ubuntu 24.04.2 LTS (GNU/Linux 6.8.0-1024-aws x86_64)
2025-05-08 16:13:03 [main] INFO  test.IssueOfSSLConnection - 
2025-05-08 16:13:03 [main] INFO  test.IssueOfSSLConnection -  * Documentation:  https://help.ubuntu.com
2025-05-08 16:13:03 [main] INFO  test.IssueOfSSLConnection -  * Management:     https://landscape.canonical.com
2025-05-08 16:13:03 [main] INFO  test.IssueOfSSLConnection -  * Support:        https://ubuntu.com/pro
2025-05-08 16:13:03 [main] INFO  test.IssueOfSSLConnection - 
2025-05-08 16:13:03 [main] INFO  test.IssueOfSSLConnection -  System information as of Thu May  8 10:43:01 UTC 2025
2025-05-08 16:13:03 [main] INFO  test.IssueOfSSLConnection - 
2025-05-08 16:13:03 [main] INFO  test.IssueOfSSLConnection -   System load:  0.06               Temperature:           -273.1 C
2025-05-08 16:13:03 [main] INFO  test.IssueOfSSLConnection -   Usage of /:   24.2% of 66.76GB   Processes:             135
2025-05-08 16:13:03 [main] INFO  test.IssueOfSSLConnection -   Memory usage: 32%                Users logged in:       1
2025-05-08 16:13:03 [main] INFO  test.IssueOfSSLConnection -   Swap usage:   0%                 IPv4 address for ens5: 172.31.15.102
2025-05-08 16:13:03 [main] INFO  test.IssueOfSSLConnection - 
2025-05-08 16:13:03 [main] INFO  test.IssueOfSSLConnection -  * Ubuntu Pro delivers the most comprehensive open source security and
2025-05-08 16:13:03 [main] INFO  test.IssueOfSSLConnection -    compliance features.
2025-05-08 16:13:03 [main] INFO  test.IssueOfSSLConnection - 
2025-05-08 16:13:03 [main] INFO  test.IssueOfSSLConnection -    https://ubuntu.com/aws/pro
2025-05-08 16:13:03 [main] INFO  test.IssueOfSSLConnection - 
2025-05-08 16:13:03 [main] INFO  test.IssueOfSSLConnection - Expanded Security Maintenance for Applications is not enabled.
2025-05-08 16:13:03 [main] INFO  test.IssueOfSSLConnection - 
2025-05-08 16:13:03 [main] INFO  test.IssueOfSSLConnection - 43 updates can be applied immediately.
2025-05-08 16:13:03 [main] INFO  test.IssueOfSSLConnection - To see these additional updates run: apt list --upgradable
2025-05-08 16:13:03 [main] INFO  test.IssueOfSSLConnection - 
2025-05-08 16:13:03 [main] INFO  test.IssueOfSSLConnection - Enable ESM Apps to receive additional future security updates.
2025-05-08 16:13:03 [main] INFO  test.IssueOfSSLConnection - See https://ubuntu.com/esm or run: sudo pro status
2025-05-08 16:13:03 [main] INFO  test.IssueOfSSLConnection - 
2025-05-08 16:13:03 [main] INFO  test.IssueOfSSLConnection - 
2025-05-08 16:13:03 [main] INFO  test.IssueOfSSLConnection - *** System restart required ***
2025-05-08 16:13:03 [main] INFO  test.IssueOfSSLConnection - Stopping idempiere service (1st attempt)...
2025-05-08 16:13:10 [main] INFO  test.IssueOfSSLConnection - Stopping idempiere service (2nd attempt)...
2025-05-08 16:13:11 [main] INFO  test.IssueOfSSLConnection - Checking idempiere service status...
2025-05-08 16:13:11 [main] INFO  test.IssueOfSSLConnection -      Active: inactive (dead) since Thu 2025-05-08 10:43:10 UTC; 1s ago
2025-05-08 16:13:11 [main] INFO  test.IssueOfSSLConnection - Service is not running.
2025-05-08 16:13:31 [main] INFO  test.IssueOfSSLConnection -      Active: active (running) since Thu 2025-05-08 10:43:31 UTC; 65ms ago
2025-05-08 16:13:31 [main] INFO  test.IssueOfSSLConnection - 0
2025-05-08 16:13:45 [main] INFO  test.IssueOfSSLConnection - Opened webui on new tab : https://54.84.94.16:8443/
2025-05-08 16:13:57 [main] INFO  test.IssueOfSSLConnection - User Entered valid username : SuperUser
2025-05-08 16:13:57 [main] INFO  test.IssueOfSSLConnection - User Enetered valid Password : System
2025-05-08 16:13:57 [main] INFO  test.IssueOfSSLConnection - User clicked on Login button
2025-05-08 16:14:00 [main] INFO  test.IssueOfSSLConnection - User selects the Client
2025-05-08 16:14:02 [main] INFO  test.IssueOfSSLConnection - User selects the Role : Admin
2025-05-08 16:14:09 [main] INFO  test.IssueOfSSLConnection - User login to webui successfully
2025-05-08 16:14:12 [main] INFO  test.IssueOfSSLConnection - User searched for Document Explorer window
2025-05-08 16:14:14 [main] ERROR test.IssueOfSSLConnection - User gets an error Popup
2025-05-08 16:14:14 [main] INFO  test.IssueOfSSLConnection - User Navigates back to the : https://SuperUser:System@54.84.94.16:8443/osgi/system/console/
2025-05-08 16:14:20 [main] INFO  test.IssueOfSSLConnection - User searched for plugin org.idempiere.dms
2025-05-08 16:14:20 [main] INFO  test.IssueOfSSLConnection - User Refreshes the plugin org.idempiere.dms
2025-05-08 16:14:27 [main] INFO  test.IssueOfSSLConnection - User searched for plugin com.logilite.search
2025-05-08 16:14:27 [main] INFO  test.IssueOfSSLConnection - User Refreshes the plugin com.logilite.search
2025-05-08 16:14:34 [main] INFO  test.IssueOfSSLConnection - User searched for plugin com.logilite.search.solr
2025-05-08 16:14:34 [main] INFO  test.IssueOfSSLConnection - User Refreshes the plugin com.logilite.search.solr
2025-05-08 16:14:42 [main] INFO  test.IssueOfSSLConnection - User searched for plugin com.logilite.dmstheme
2025-05-08 16:14:42 [main] INFO  test.IssueOfSSLConnection - User Refreshes the plugin com.logilite.dmstheme
2025-05-08 16:14:50 [main] INFO  test.IssueOfSSLConnection - User searched for plugin com.logilite.dms.storageprovider
2025-05-08 16:14:50 [main] INFO  test.IssueOfSSLConnection - User Refreshes the plugin com.logilite.dms.storageprovider
2025-05-08 16:14:55 [main] INFO  test.IssueOfSSLConnection - ...Server Restarting...
2025-05-08 16:14:55 [main] INFO  test.IssueOfSSLConnection - Connecting to ubuntu@54.84.94.16 with key idempiere-key-pair.pem...
2025-05-08 16:14:55 [main] INFO  test.IssueOfSSLConnection - Pseudo-terminal will not be allocated because stdin is not a terminal.
2025-05-08 16:14:58 [main] INFO  test.IssueOfSSLConnection - Welcome to Ubuntu 24.04.2 LTS (GNU/Linux 6.8.0-1024-aws x86_64)
2025-05-08 16:14:58 [main] INFO  test.IssueOfSSLConnection - 
2025-05-08 16:14:58 [main] INFO  test.IssueOfSSLConnection -  * Documentation:  https://help.ubuntu.com
2025-05-08 16:14:58 [main] INFO  test.IssueOfSSLConnection -  * Management:     https://landscape.canonical.com
2025-05-08 16:14:58 [main] INFO  test.IssueOfSSLConnection -  * Support:        https://ubuntu.com/pro
2025-05-08 16:14:58 [main] INFO  test.IssueOfSSLConnection - 
2025-05-08 16:14:58 [main] INFO  test.IssueOfSSLConnection -  System information as of Thu May  8 10:44:57 UTC 2025
2025-05-08 16:14:58 [main] INFO  test.IssueOfSSLConnection - 
2025-05-08 16:14:58 [main] INFO  test.IssueOfSSLConnection -   System load:  0.9                Temperature:           -273.1 C
2025-05-08 16:14:58 [main] INFO  test.IssueOfSSLConnection -   Usage of /:   24.2% of 66.76GB   Processes:             193
2025-05-08 16:14:58 [main] INFO  test.IssueOfSSLConnection -   Memory usage: 33%                Users logged in:       1
2025-05-08 16:14:58 [main] INFO  test.IssueOfSSLConnection -   Swap usage:   0%                 IPv4 address for ens5: 172.31.15.102
2025-05-08 16:14:58 [main] INFO  test.IssueOfSSLConnection - 
2025-05-08 16:14:58 [main] INFO  test.IssueOfSSLConnection -  * Ubuntu Pro delivers the most comprehensive open source security and
2025-05-08 16:14:58 [main] INFO  test.IssueOfSSLConnection -    compliance features.
2025-05-08 16:14:58 [main] INFO  test.IssueOfSSLConnection - 
2025-05-08 16:14:58 [main] INFO  test.IssueOfSSLConnection -    https://ubuntu.com/aws/pro
2025-05-08 16:14:58 [main] INFO  test.IssueOfSSLConnection - 
2025-05-08 16:14:58 [main] INFO  test.IssueOfSSLConnection - Expanded Security Maintenance for Applications is not enabled.
2025-05-08 16:14:58 [main] INFO  test.IssueOfSSLConnection - 
2025-05-08 16:14:58 [main] INFO  test.IssueOfSSLConnection - 43 updates can be applied immediately.
2025-05-08 16:14:58 [main] INFO  test.IssueOfSSLConnection - To see these additional updates run: apt list --upgradable
2025-05-08 16:14:58 [main] INFO  test.IssueOfSSLConnection - 
2025-05-08 16:14:58 [main] INFO  test.IssueOfSSLConnection - Enable ESM Apps to receive additional future security updates.
2025-05-08 16:14:58 [main] INFO  test.IssueOfSSLConnection - See https://ubuntu.com/esm or run: sudo pro status
2025-05-08 16:14:58 [main] INFO  test.IssueOfSSLConnection - 
2025-05-08 16:14:58 [main] INFO  test.IssueOfSSLConnection - 
2025-05-08 16:14:58 [main] INFO  test.IssueOfSSLConnection - *** System restart required ***
2025-05-08 16:14:58 [main] INFO  test.IssueOfSSLConnection - Stopping idempiere service (1st attempt)...
2025-05-08 16:15:06 [main] INFO  test.IssueOfSSLConnection - Stopping idempiere service (2nd attempt)...
2025-05-08 16:15:07 [main] INFO  test.IssueOfSSLConnection - Checking idempiere service status...
2025-05-08 16:15:07 [main] INFO  test.IssueOfSSLConnection -      Active: inactive (dead) since Thu 2025-05-08 10:45:06 UTC; 1s ago
2025-05-08 16:15:07 [main] INFO  test.IssueOfSSLConnection - Service is not running.
2025-05-08 16:15:27 [main] INFO  test.IssueOfSSLConnection -      Active: active (running) since Thu 2025-05-08 10:45:27 UTC; 79ms ago
2025-05-08 16:15:27 [main] INFO  test.IssueOfSSLConnection - 0
2025-05-08 16:15:41 [main] INFO  test.IssueOfSSLConnection - User again Opened webui on new tab : https://54.84.94.16:8443/
2025-05-08 16:15:53 [main] INFO  test.IssueOfSSLConnection - Entered valid username : SuperUser
2025-05-08 16:15:54 [main] INFO  test.IssueOfSSLConnection - Entered valid Password : System
2025-05-08 16:15:54 [main] INFO  test.IssueOfSSLConnection - User clicked on Login button
2025-05-08 16:15:57 [main] INFO  test.IssueOfSSLConnection - User selects the Client
2025-05-08 16:15:59 [main] INFO  test.IssueOfSSLConnection - User selects the Role : Admin
2025-05-08 16:16:07 [main] INFO  test.IssueOfSSLConnection - User login to webui successfully
2025-05-08 16:16:09 [main] INFO  test.IssueOfSSLConnection - User searched for Document Explorer window
2025-05-08 16:16:11 [main] ERROR test.IssueOfSSLConnection - Again User gets an error Popup
2025-05-08 16:16:11 [main] ERROR test.IssueOfSSLConnection - Error still not resolved
2025-05-08 16:16:49 [main] INFO  test.IssueOfSSLConnection - Launching Chrome browser for the test execution...
2025-05-08 16:16:49 [main] INFO  test.IssueOfSSLConnection - Navigating to the target webpage: https://SuperUser:System@54.84.94.16:8443/osgi/system/console/
2025-05-08 16:17:03 [main] INFO  test.IssueOfSSLConnection - User Searched for plugin com.logilite.search.solr
2025-05-08 16:17:03 [main] INFO  test.IssueOfSSLConnection - User Refreshed the plugin com.logilite.search.solr
2025-05-08 16:17:08 [main] INFO  test.IssueOfSSLConnection - Operation completed succesfully.
2025-05-08 16:17:11 [main] INFO  test.IssueOfSSLConnection - ...Server Restarting...
2025-05-08 16:17:11 [main] INFO  test.IssueOfSSLConnection - Connecting to ubuntu@54.84.94.16 with key idempiere-key-pair.pem...
2025-05-08 16:17:11 [main] INFO  test.IssueOfSSLConnection - Pseudo-terminal will not be allocated because stdin is not a terminal.
2025-05-08 16:17:14 [main] INFO  test.IssueOfSSLConnection - Welcome to Ubuntu 24.04.2 LTS (GNU/Linux 6.8.0-1024-aws x86_64)
2025-05-08 16:17:14 [main] INFO  test.IssueOfSSLConnection - 
2025-05-08 16:17:14 [main] INFO  test.IssueOfSSLConnection -  * Documentation:  https://help.ubuntu.com
2025-05-08 16:17:14 [main] INFO  test.IssueOfSSLConnection -  * Management:     https://landscape.canonical.com
2025-05-08 16:17:14 [main] INFO  test.IssueOfSSLConnection -  * Support:        https://ubuntu.com/pro
2025-05-08 16:17:14 [main] INFO  test.IssueOfSSLConnection - 
2025-05-08 16:17:14 [main] INFO  test.IssueOfSSLConnection -  System information as of Thu May  8 10:47:12 UTC 2025
2025-05-08 16:17:14 [main] INFO  test.IssueOfSSLConnection - 
2025-05-08 16:17:14 [main] INFO  test.IssueOfSSLConnection -   System load:  0.36               Temperature:           -273.1 C
2025-05-08 16:17:14 [main] INFO  test.IssueOfSSLConnection -   Usage of /:   24.2% of 66.76GB   Processes:             197
2025-05-08 16:17:14 [main] INFO  test.IssueOfSSLConnection -   Memory usage: 32%                Users logged in:       1
2025-05-08 16:17:14 [main] INFO  test.IssueOfSSLConnection -   Swap usage:   0%                 IPv4 address for ens5: 172.31.15.102
2025-05-08 16:17:14 [main] INFO  test.IssueOfSSLConnection - 
2025-05-08 16:17:14 [main] INFO  test.IssueOfSSLConnection -  * Ubuntu Pro delivers the most comprehensive open source security and
2025-05-08 16:17:14 [main] INFO  test.IssueOfSSLConnection -    compliance features.
2025-05-08 16:17:14 [main] INFO  test.IssueOfSSLConnection - 
2025-05-08 16:17:14 [main] INFO  test.IssueOfSSLConnection -    https://ubuntu.com/aws/pro
2025-05-08 16:17:14 [main] INFO  test.IssueOfSSLConnection - 
2025-05-08 16:17:14 [main] INFO  test.IssueOfSSLConnection - Expanded Security Maintenance for Applications is not enabled.
2025-05-08 16:17:14 [main] INFO  test.IssueOfSSLConnection - 
2025-05-08 16:17:14 [main] INFO  test.IssueOfSSLConnection - 43 updates can be applied immediately.
2025-05-08 16:17:14 [main] INFO  test.IssueOfSSLConnection - To see these additional updates run: apt list --upgradable
2025-05-08 16:17:14 [main] INFO  test.IssueOfSSLConnection - 
2025-05-08 16:17:14 [main] INFO  test.IssueOfSSLConnection - Enable ESM Apps to receive additional future security updates.
2025-05-08 16:17:14 [main] INFO  test.IssueOfSSLConnection - See https://ubuntu.com/esm or run: sudo pro status
2025-05-08 16:17:14 [main] INFO  test.IssueOfSSLConnection - 
2025-05-08 16:17:14 [main] INFO  test.IssueOfSSLConnection - 
2025-05-08 16:17:14 [main] INFO  test.IssueOfSSLConnection - *** System restart required ***
2025-05-08 16:17:14 [main] INFO  test.IssueOfSSLConnection - Stopping idempiere service (1st attempt)...
2025-05-08 16:17:21 [main] INFO  test.IssueOfSSLConnection - Stopping idempiere service (2nd attempt)...
2025-05-08 16:17:23 [main] INFO  test.IssueOfSSLConnection - Checking idempiere service status...
2025-05-08 16:17:23 [main] INFO  test.IssueOfSSLConnection -      Active: inactive (dead) since Thu 2025-05-08 10:47:21 UTC; 1s ago
2025-05-08 16:17:23 [main] INFO  test.IssueOfSSLConnection - Service is not running.
2025-05-08 16:17:43 [main] INFO  test.IssueOfSSLConnection -      Active: active (running) since Thu 2025-05-08 10:47:42 UTC; 61ms ago
2025-05-08 16:17:43 [main] INFO  test.IssueOfSSLConnection - 0
2025-05-08 16:17:57 [main] INFO  test.IssueOfSSLConnection - Opened webui on new tab : https://54.84.94.16:8443/
2025-05-08 16:18:09 [main] INFO  test.IssueOfSSLConnection - User Entered valid username : SuperUser
2025-05-08 16:18:09 [main] INFO  test.IssueOfSSLConnection - User Enetered valid Password : System
2025-05-08 16:18:09 [main] INFO  test.IssueOfSSLConnection - User clicked on Login button
2025-05-08 16:18:12 [main] INFO  test.IssueOfSSLConnection - User selects the Client
2025-05-08 16:18:14 [main] INFO  test.IssueOfSSLConnection - User selects the Role : Admin
2025-05-08 16:18:21 [main] INFO  test.IssueOfSSLConnection - User login to webui successfully
2025-05-08 16:18:23 [main] INFO  test.IssueOfSSLConnection - User searched for Document Explorer window
2025-05-08 16:18:26 [main] ERROR test.IssueOfSSLConnection - User gets an error Popup
2025-05-08 16:18:26 [main] INFO  test.IssueOfSSLConnection - User Navigates back to the : https://SuperUser:System@54.84.94.16:8443/osgi/system/console/
2025-05-08 16:18:32 [main] INFO  test.IssueOfSSLConnection - User searched for plugin org.idempiere.dms
2025-05-08 16:18:32 [main] INFO  test.IssueOfSSLConnection - User Refreshes the plugin org.idempiere.dms
2025-05-08 16:18:39 [main] INFO  test.IssueOfSSLConnection - User searched for plugin com.logilite.search
2025-05-08 16:18:39 [main] INFO  test.IssueOfSSLConnection - User Refreshes the plugin com.logilite.search
2025-05-08 16:18:46 [main] INFO  test.IssueOfSSLConnection - User searched for plugin com.logilite.search.solr
2025-05-08 16:18:46 [main] INFO  test.IssueOfSSLConnection - User Refreshes the plugin com.logilite.search.solr
2025-05-08 16:18:53 [main] INFO  test.IssueOfSSLConnection - User searched for plugin com.logilite.dmstheme
2025-05-08 16:18:53 [main] INFO  test.IssueOfSSLConnection - User Refreshes the plugin com.logilite.dmstheme
2025-05-08 16:19:01 [main] INFO  test.IssueOfSSLConnection - User searched for plugin com.logilite.dms.storageprovider
2025-05-08 16:19:01 [main] INFO  test.IssueOfSSLConnection - User Refreshes the plugin com.logilite.dms.storageprovider
2025-05-08 16:19:06 [main] INFO  test.IssueOfSSLConnection - ...Server Restarting...
2025-05-08 16:19:06 [main] INFO  test.IssueOfSSLConnection - Connecting to ubuntu@54.84.94.16 with key idempiere-key-pair.pem...
2025-05-08 16:19:06 [main] INFO  test.IssueOfSSLConnection - Pseudo-terminal will not be allocated because stdin is not a terminal.
2025-05-08 16:19:09 [main] INFO  test.IssueOfSSLConnection - Welcome to Ubuntu 24.04.2 LTS (GNU/Linux 6.8.0-1024-aws x86_64)
2025-05-08 16:19:09 [main] INFO  test.IssueOfSSLConnection - 
2025-05-08 16:19:09 [main] INFO  test.IssueOfSSLConnection -  * Documentation:  https://help.ubuntu.com
2025-05-08 16:19:09 [main] INFO  test.IssueOfSSLConnection -  * Management:     https://landscape.canonical.com
2025-05-08 16:19:09 [main] INFO  test.IssueOfSSLConnection -  * Support:        https://ubuntu.com/pro
2025-05-08 16:19:09 [main] INFO  test.IssueOfSSLConnection - 
2025-05-08 16:19:09 [main] INFO  test.IssueOfSSLConnection -  System information as of Thu May  8 10:49:08 UTC 2025
2025-05-08 16:19:09 [main] INFO  test.IssueOfSSLConnection - 
2025-05-08 16:19:09 [main] INFO  test.IssueOfSSLConnection -   System load:  1.28               Temperature:           -273.1 C
2025-05-08 16:19:09 [main] INFO  test.IssueOfSSLConnection -   Usage of /:   24.3% of 66.76GB   Processes:             192
2025-05-08 16:19:09 [main] INFO  test.IssueOfSSLConnection -   Memory usage: 34%                Users logged in:       1
2025-05-08 16:19:09 [main] INFO  test.IssueOfSSLConnection -   Swap usage:   0%                 IPv4 address for ens5: 172.31.15.102
2025-05-08 16:19:09 [main] INFO  test.IssueOfSSLConnection - 
2025-05-08 16:19:09 [main] INFO  test.IssueOfSSLConnection -  * Ubuntu Pro delivers the most comprehensive open source security and
2025-05-08 16:19:09 [main] INFO  test.IssueOfSSLConnection -    compliance features.
2025-05-08 16:19:09 [main] INFO  test.IssueOfSSLConnection - 
2025-05-08 16:19:09 [main] INFO  test.IssueOfSSLConnection -    https://ubuntu.com/aws/pro
2025-05-08 16:19:09 [main] INFO  test.IssueOfSSLConnection - 
2025-05-08 16:19:09 [main] INFO  test.IssueOfSSLConnection - Expanded Security Maintenance for Applications is not enabled.
2025-05-08 16:19:09 [main] INFO  test.IssueOfSSLConnection - 
2025-05-08 16:19:09 [main] INFO  test.IssueOfSSLConnection - 43 updates can be applied immediately.
2025-05-08 16:19:09 [main] INFO  test.IssueOfSSLConnection - To see these additional updates run: apt list --upgradable
2025-05-08 16:19:09 [main] INFO  test.IssueOfSSLConnection - 
2025-05-08 16:19:09 [main] INFO  test.IssueOfSSLConnection - Enable ESM Apps to receive additional future security updates.
2025-05-08 16:19:09 [main] INFO  test.IssueOfSSLConnection - See https://ubuntu.com/esm or run: sudo pro status
2025-05-08 16:19:09 [main] INFO  test.IssueOfSSLConnection - 
2025-05-08 16:19:09 [main] INFO  test.IssueOfSSLConnection - 
2025-05-08 16:19:09 [main] INFO  test.IssueOfSSLConnection - *** System restart required ***
2025-05-08 16:19:09 [main] INFO  test.IssueOfSSLConnection - Stopping idempiere service (1st attempt)...
2025-05-08 16:19:17 [main] INFO  test.IssueOfSSLConnection - Stopping idempiere service (2nd attempt)...
2025-05-08 16:19:18 [main] INFO  test.IssueOfSSLConnection - Checking idempiere service status...
2025-05-08 16:19:18 [main] INFO  test.IssueOfSSLConnection -      Active: inactive (dead) since Thu 2025-05-08 10:49:17 UTC; 1s ago
2025-05-08 16:19:18 [main] INFO  test.IssueOfSSLConnection - Service is not running.
2025-05-08 16:19:38 [main] INFO  test.IssueOfSSLConnection -      Active: active (running) since Thu 2025-05-08 10:49:38 UTC; 58ms ago
2025-05-08 16:19:38 [main] INFO  test.IssueOfSSLConnection - 0
2025-05-08 16:19:52 [main] INFO  test.IssueOfSSLConnection - User again Opened webui on new tab : https://54.84.94.16:8443/
2025-05-08 16:20:04 [main] INFO  test.IssueOfSSLConnection - Entered valid username : SuperUser
2025-05-08 16:20:04 [main] INFO  test.IssueOfSSLConnection - Entered valid Password : System
2025-05-08 16:20:05 [main] INFO  test.IssueOfSSLConnection - User clicked on Login button
2025-05-08 16:20:08 [main] INFO  test.IssueOfSSLConnection - User selects the Client
2025-05-08 16:20:10 [main] INFO  test.IssueOfSSLConnection - User selects the Role : Admin
2025-05-08 16:20:17 [main] INFO  test.IssueOfSSLConnection - User login to webui successfully
2025-05-08 16:20:19 [main] INFO  test.IssueOfSSLConnection - User searched for Document Explorer window
2025-05-08 16:20:21 [main] ERROR test.IssueOfSSLConnection - Again User gets an error Popup
2025-05-08 16:20:21 [main] ERROR test.IssueOfSSLConnection - Error still not resolved
2025-05-08 17:23:30 [main] INFO  test.IssueOfSSLConnection - Launching Chrome browser for the test execution...
2025-05-08 17:23:30 [main] INFO  test.IssueOfSSLConnection - Navigating to the target webpage: https://SuperUser:System@54.84.94.16:8443/osgi/system/console/
2025-05-08 17:23:45 [main] INFO  test.IssueOfSSLConnection - User Searched for plugin com.logilite.search.solr
2025-05-08 17:23:45 [main] INFO  test.IssueOfSSLConnection - User Refreshed the plugin com.logilite.search.solr
2025-05-08 17:23:50 [main] INFO  test.IssueOfSSLConnection - Operation completed succesfully.
2025-05-08 17:23:52 [main] INFO  test.IssueOfSSLConnection - ...Server Restarting...
2025-05-08 17:23:52 [main] INFO  test.IssueOfSSLConnection - Connecting to ubuntu@54.84.94.16 with key idempiere-key-pair.pem...
2025-05-08 17:23:52 [main] INFO  test.IssueOfSSLConnection - Pseudo-terminal will not be allocated because stdin is not a terminal.
2025-05-08 17:23:55 [main] INFO  test.IssueOfSSLConnection - Welcome to Ubuntu 24.04.2 LTS (GNU/Linux 6.8.0-1024-aws x86_64)
2025-05-08 17:23:55 [main] INFO  test.IssueOfSSLConnection - 
2025-05-08 17:23:55 [main] INFO  test.IssueOfSSLConnection -  * Documentation:  https://help.ubuntu.com
2025-05-08 17:23:55 [main] INFO  test.IssueOfSSLConnection -  * Management:     https://landscape.canonical.com
2025-05-08 17:23:55 [main] INFO  test.IssueOfSSLConnection -  * Support:        https://ubuntu.com/pro
2025-05-08 17:23:55 [main] INFO  test.IssueOfSSLConnection - 
2025-05-08 17:23:55 [main] INFO  test.IssueOfSSLConnection -  System information as of Thu May  8 11:53:54 UTC 2025
2025-05-08 17:23:55 [main] INFO  test.IssueOfSSLConnection - 
2025-05-08 17:23:55 [main] INFO  test.IssueOfSSLConnection -   System load:  0.21               Temperature:           -273.1 C
2025-05-08 17:23:55 [main] INFO  test.IssueOfSSLConnection -   Usage of /:   24.3% of 66.76GB   Processes:             185
2025-05-08 17:23:55 [main] INFO  test.IssueOfSSLConnection -   Memory usage: 34%                Users logged in:       1
2025-05-08 17:23:55 [main] INFO  test.IssueOfSSLConnection -   Swap usage:   0%                 IPv4 address for ens5: 172.31.15.102
2025-05-08 17:23:55 [main] INFO  test.IssueOfSSLConnection - 
2025-05-08 17:23:55 [main] INFO  test.IssueOfSSLConnection -  * Ubuntu Pro delivers the most comprehensive open source security and
2025-05-08 17:23:55 [main] INFO  test.IssueOfSSLConnection -    compliance features.
2025-05-08 17:23:55 [main] INFO  test.IssueOfSSLConnection - 
2025-05-08 17:23:55 [main] INFO  test.IssueOfSSLConnection -    https://ubuntu.com/aws/pro
2025-05-08 17:23:55 [main] INFO  test.IssueOfSSLConnection - 
2025-05-08 17:23:55 [main] INFO  test.IssueOfSSLConnection - Expanded Security Maintenance for Applications is not enabled.
2025-05-08 17:23:55 [main] INFO  test.IssueOfSSLConnection - 
2025-05-08 17:23:55 [main] INFO  test.IssueOfSSLConnection - 43 updates can be applied immediately.
2025-05-08 17:23:55 [main] INFO  test.IssueOfSSLConnection - To see these additional updates run: apt list --upgradable
2025-05-08 17:23:55 [main] INFO  test.IssueOfSSLConnection - 
2025-05-08 17:23:55 [main] INFO  test.IssueOfSSLConnection - Enable ESM Apps to receive additional future security updates.
2025-05-08 17:23:55 [main] INFO  test.IssueOfSSLConnection - See https://ubuntu.com/esm or run: sudo pro status
2025-05-08 17:23:55 [main] INFO  test.IssueOfSSLConnection - 
2025-05-08 17:23:55 [main] INFO  test.IssueOfSSLConnection - 
2025-05-08 17:23:55 [main] INFO  test.IssueOfSSLConnection - *** System restart required ***
2025-05-08 17:23:55 [main] INFO  test.IssueOfSSLConnection - Stopping idempiere service (1st attempt)...
2025-05-08 17:24:03 [main] INFO  test.IssueOfSSLConnection - Stopping idempiere service (2nd attempt)...
2025-05-08 17:24:04 [main] INFO  test.IssueOfSSLConnection - Checking idempiere service status...
2025-05-08 17:24:04 [main] INFO  test.IssueOfSSLConnection -      Active: inactive (dead) since Thu 2025-05-08 11:54:03 UTC; 1s ago
2025-05-08 17:24:04 [main] INFO  test.IssueOfSSLConnection - Service is not running.
2025-05-08 17:24:24 [main] INFO  test.IssueOfSSLConnection -      Active: active (running) since Thu 2025-05-08 11:54:24 UTC; 47ms ago
2025-05-08 17:24:24 [main] INFO  test.IssueOfSSLConnection - 0
2025-05-08 17:24:38 [main] INFO  test.IssueOfSSLConnection - Opened webui on new tab : https://54.84.94.16:8443/
2025-05-08 17:24:50 [main] INFO  test.IssueOfSSLConnection - User Entered valid username : SuperUser
2025-05-08 17:24:50 [main] INFO  test.IssueOfSSLConnection - User Enetered valid Password : System
2025-05-08 17:24:51 [main] INFO  test.IssueOfSSLConnection - User clicked on Login button
2025-05-08 17:24:54 [main] INFO  test.IssueOfSSLConnection - User selects the Client
2025-05-08 17:24:56 [main] INFO  test.IssueOfSSLConnection - User selects the Role : Admin
2025-05-08 17:25:05 [main] INFO  test.IssueOfSSLConnection - User login to webui successfully
2025-05-08 17:25:07 [main] INFO  test.IssueOfSSLConnection - User searched for Document Explorer window
2025-05-08 17:25:10 [main] ERROR test.IssueOfSSLConnection - User gets an error Popup
2025-05-08 17:25:10 [main] INFO  test.IssueOfSSLConnection - User Navigates back to the : https://SuperUser:System@54.84.94.16:8443/osgi/system/console/
2025-05-08 17:25:16 [main] INFO  test.IssueOfSSLConnection - User searched for plugin org.idempiere.dms
2025-05-08 17:25:16 [main] INFO  test.IssueOfSSLConnection - User Refreshes the plugin org.idempiere.dms
2025-05-08 17:25:23 [main] INFO  test.IssueOfSSLConnection - User searched for plugin com.logilite.search
2025-05-08 17:25:23 [main] INFO  test.IssueOfSSLConnection - User Refreshes the plugin com.logilite.search
2025-05-08 17:25:31 [main] INFO  test.IssueOfSSLConnection - User searched for plugin com.logilite.search.solr
2025-05-08 17:25:31 [main] INFO  test.IssueOfSSLConnection - User Refreshes the plugin com.logilite.search.solr
2025-05-08 17:25:38 [main] INFO  test.IssueOfSSLConnection - User searched for plugin com.logilite.dmstheme
2025-05-08 17:25:38 [main] INFO  test.IssueOfSSLConnection - User Refreshes the plugin com.logilite.dmstheme
2025-05-08 17:25:46 [main] INFO  test.IssueOfSSLConnection - User searched for plugin com.logilite.dms.storageprovider
2025-05-08 17:25:46 [main] INFO  test.IssueOfSSLConnection - User Refreshes the plugin com.logilite.dms.storageprovider
2025-05-08 17:25:51 [main] INFO  test.IssueOfSSLConnection - ...Server Restarting...
2025-05-08 17:25:51 [main] INFO  test.IssueOfSSLConnection - Connecting to ubuntu@54.84.94.16 with key idempiere-key-pair.pem...
2025-05-08 17:25:51 [main] INFO  test.IssueOfSSLConnection - Pseudo-terminal will not be allocated because stdin is not a terminal.
2025-05-08 17:25:54 [main] INFO  test.IssueOfSSLConnection - Welcome to Ubuntu 24.04.2 LTS (GNU/Linux 6.8.0-1024-aws x86_64)
2025-05-08 17:25:54 [main] INFO  test.IssueOfSSLConnection - 
2025-05-08 17:25:54 [main] INFO  test.IssueOfSSLConnection -  * Documentation:  https://help.ubuntu.com
2025-05-08 17:25:54 [main] INFO  test.IssueOfSSLConnection -  * Management:     https://landscape.canonical.com
2025-05-08 17:25:54 [main] INFO  test.IssueOfSSLConnection -  * Support:        https://ubuntu.com/pro
2025-05-08 17:25:54 [main] INFO  test.IssueOfSSLConnection - 
2025-05-08 17:25:54 [main] INFO  test.IssueOfSSLConnection -  System information as of Thu May  8 11:55:53 UTC 2025
2025-05-08 17:25:54 [main] INFO  test.IssueOfSSLConnection - 
2025-05-08 17:25:54 [main] INFO  test.IssueOfSSLConnection -   System load:  1.35               Temperature:           -273.1 C
2025-05-08 17:25:54 [main] INFO  test.IssueOfSSLConnection -   Usage of /:   24.2% of 66.76GB   Processes:             199
2025-05-08 17:25:54 [main] INFO  test.IssueOfSSLConnection -   Memory usage: 32%                Users logged in:       1
2025-05-08 17:25:54 [main] INFO  test.IssueOfSSLConnection -   Swap usage:   0%                 IPv4 address for ens5: 172.31.15.102
2025-05-08 17:25:54 [main] INFO  test.IssueOfSSLConnection - 
2025-05-08 17:25:54 [main] INFO  test.IssueOfSSLConnection -  * Ubuntu Pro delivers the most comprehensive open source security and
2025-05-08 17:25:54 [main] INFO  test.IssueOfSSLConnection -    compliance features.
2025-05-08 17:25:54 [main] INFO  test.IssueOfSSLConnection - 
2025-05-08 17:25:54 [main] INFO  test.IssueOfSSLConnection -    https://ubuntu.com/aws/pro
2025-05-08 17:25:54 [main] INFO  test.IssueOfSSLConnection - 
2025-05-08 17:25:54 [main] INFO  test.IssueOfSSLConnection - Expanded Security Maintenance for Applications is not enabled.
2025-05-08 17:25:54 [main] INFO  test.IssueOfSSLConnection - 
2025-05-08 17:25:54 [main] INFO  test.IssueOfSSLConnection - 43 updates can be applied immediately.
2025-05-08 17:25:54 [main] INFO  test.IssueOfSSLConnection - To see these additional updates run: apt list --upgradable
2025-05-08 17:25:54 [main] INFO  test.IssueOfSSLConnection - 
2025-05-08 17:25:54 [main] INFO  test.IssueOfSSLConnection - Enable ESM Apps to receive additional future security updates.
2025-05-08 17:25:54 [main] INFO  test.IssueOfSSLConnection - See https://ubuntu.com/esm or run: sudo pro status
2025-05-08 17:25:54 [main] INFO  test.IssueOfSSLConnection - 
2025-05-08 17:25:54 [main] INFO  test.IssueOfSSLConnection - 
2025-05-08 17:25:54 [main] INFO  test.IssueOfSSLConnection - *** System restart required ***
2025-05-08 17:25:54 [main] INFO  test.IssueOfSSLConnection - Stopping idempiere service (1st attempt)...
2025-05-08 17:26:02 [main] INFO  test.IssueOfSSLConnection - Stopping idempiere service (2nd attempt)...
2025-05-08 17:26:03 [main] INFO  test.IssueOfSSLConnection - Checking idempiere service status...
2025-05-08 17:26:03 [main] INFO  test.IssueOfSSLConnection -      Active: inactive (dead) since Thu 2025-05-08 11:56:01 UTC; 1s ago
2025-05-08 17:26:03 [main] INFO  test.IssueOfSSLConnection - Service is not running.
2025-05-08 17:26:25 [main] INFO  test.IssueOfSSLConnection -      Active: active (running) since Thu 2025-05-08 11:56:25 UTC; 68ms ago
2025-05-08 17:26:25 [main] INFO  test.IssueOfSSLConnection - 0
2025-05-08 17:26:39 [main] INFO  test.IssueOfSSLConnection - User again Opened webui on new tab : https://54.84.94.16:8443/
2025-05-08 17:26:52 [main] INFO  test.IssueOfSSLConnection - Entered valid username : SuperUser
2025-05-08 17:26:52 [main] INFO  test.IssueOfSSLConnection - Entered valid Password : System
2025-05-08 17:26:53 [main] INFO  test.IssueOfSSLConnection - User clicked on Login button
2025-05-08 17:26:56 [main] INFO  test.IssueOfSSLConnection - User selects the Client
2025-05-08 17:26:59 [main] INFO  test.IssueOfSSLConnection - User selects the Role : Admin
2025-05-08 17:27:05 [main] INFO  test.IssueOfSSLConnection - User login to webui successfully
2025-05-08 17:27:08 [main] INFO  test.IssueOfSSLConnection - User searched for Document Explorer window
2025-05-08 17:27:10 [main] ERROR test.IssueOfSSLConnection - Again User gets an error Popup
2025-05-08 17:27:10 [main] ERROR test.IssueOfSSLConnection - Error still not resolved
2025-05-12 11:51:54 [main] INFO  test.IssueOfSSLConnection - Launching Chrome browser for the test execution...
2025-05-12 12:06:35 [main] INFO  test.IssueOfSSLConnection - Launching Chrome browser for the test execution...
2025-05-12 12:10:24 [main] INFO  test.IssueOfSSLConnection - Launching Chrome browser for the test execution...
2025-05-12 12:26:46 [main] INFO  test.IssueOfSSLConnection - Launching Chrome browser for the test execution...
2025-05-12 12:33:29 [main] INFO  test.IssueOfSSLConnection - Launching Chrome browser for the test execution...
2025-05-12 19:24:55 [main] INFO  test.IssueOfSSLConnection - Launching Chrome browser for the test execution...
2025-05-12 19:25:22 [main] INFO  test.IssueOfSSLConnection - Launching Chrome browser for the test execution...
2025-05-14 17:21:52 [main] INFO  test.IssueOfSSLConnection - Launching Chrome browser for the test execution...
2025-05-14 17:24:26 [main] INFO  test.IssueOfSSLConnection - Launching Chrome browser for the test execution...
2025-05-14 17:26:12 [main] INFO  test.IssueOfSSLConnection - Launching Chrome browser for the test execution...
